<?xml version="1.0" encoding="UTF-8"?>
<testsuites xmlns:a="http://microsoft.com/schemas/VisualStudio/TeamTest/2006" xmlns:b="http://microsoft.com/schemas/VisualStudio/TeamTest/2010">
  <testsuite name="MSTestSuite" tests="296" time="0" failures="21" errors="0" skipped="15">
    <testcase classname="DashworksTestAutomationCore.SpecFlowTests.EndUserUrlErrors_1Cb036A6_F02F_4A98_B7D1_0B4F32Bc41FfFeature" name="EvergreenJnr_AdminPage_ThisObjectCannotBeFoundErrorPageIsShownAfterChangingScopeOfTheSelfService(iterator: &quot;7&quot;, scopeBefore: &quot;All Users&quot;, objectType: &quot;User&quot;, scopeAfter: &quot;All Devices&quot;, objectGUID: &quot;69CF5D3D-0DDA-47BE-833E-6FDEE437A7B3&quot;, errorMessage: &quot;This device cannot be found&quot;, exampleTags: [])" time="0.001">
      <skipped/>
      <system-out>'EvergreenJnr_AdminPage_ThisObjectCannotBeFoundErrorPageIsShownAfterChangingScopeOfTheSelfService, 7' is skipped because of the linked bug
</system-out>
    </testcase>
    <testcase classname="DashworksTestAutomationCore.SpecFlowTests.SelfServicePages2_80Dc2D58_3F65_4486_9E8C_Da0Ae154A491Feature" name="EvergreenJnr_AdminPage_CheckThatListValidatonWorksOnEditPage(iterator: &quot;4&quot;, objectType: &quot;User&quot;, scope: &quot;Users&quot;, exampleTags: [])" time="172.7382223">
      <system-out>Given User is logged in to the Evergreen

-&gt; done: EvergreenJnr_Login.GivenUserIsLoggedInToTheEvergreen() (0.3s)

When User creates broken list with '2_4_31940DAS_BrokenList' name with 'Owner' administer access type and 'Owner' edit access type and 'Everyone' read access type on 'Users' page

-&gt; done: EvergreenJnr_Lists.WhenUserCreatesBrokenListWithNameAndAdministerAccessTypeAndEditAccessTypeAndReadAccessTypeOnPage("2_4_31940DAS_Brok...", "Owner", "Owner", "Everyone", "Users") (0.1s)

When User 
</system-out>
    </testcase>
    <testcase classname="DashworksTestAutomationCore.SpecFlowTests.CreateSelfServiceMvp_Ab516D15_D962_4071_Bd40_B3A320C784F3Feature" name="EvergreenJnr_AdminPage_CheckThatProperInlineErrorBannerDispaysWhenSelfServiceAlreadyExistsWithTheSameName(selfServiceName: &quot;SSName_DAS_21214_5&quot;, selfServiceScope: &quot;DAS_21214_DevList_5&quot;, listPage: &quot;Devices&quot;, selfServiceShortName: &quot;SN_20207_5&quot;, selfServiceShortNameTwo: &quot;ST_20207_5&quot;, selfServiceScopeTwo: &quot;DAS_21214_DevList_5T&quot;, objectType: &quot;Device&quot;, exampleTags: [])" time="81.4789375">
      <system-out>Given User is logged in to the Evergreen

-&gt; done: EvergreenJnr_Login.GivenUserIsLoggedInToTheEvergreen() (0.4s)

Then Evergreen Dashboards page should be displayed to the user

-&gt; done: EvergreenJnr_Login.ThenEvergreenDashboardsPageShouldBeDisplayedToTheUser() (3.1s)

When User create static list with 'DAS_21214_DevList_5' name and 'Everyone' read access type on 'Devices' page with following items

  --- table step argument ---

  | ItemName |

  |          |

-&gt; done: EvergreenJnr_Lists.WhenUs
</system-out>
    </testcase>
    <testcase classname="DashworksTestAutomationCore.SpecFlowTests.GeneralEndUser1_D0Ebbc14_2C19_48B6_Bd5B_D2E20D896FbbFeature" name="EvergreenJnr_AdminPage_CheckThatUndoAllChangesIMadeOnThisPageButtonWorksCorrectly" time="58.3607466">
      <failure message="TechTalk.SpecFlow.xUnit.SpecFlowPlugin.XUnitPendingStepException : Test pending: No matching step definition found for one or more steps.&#10;&#10;using System;&#10;&#10;using TechTalk.SpecFlow;&#10;&#10;&#10;&#10;namespace MyNamespace&#10;&#10;{&#10;&#10;    [Binding]&#10;&#10;    public class StepDefinitions&#10;&#10;    {&#10;&#10;        private readonly ScenarioContext _scenarioContext;&#10;&#10;&#10;&#10;        public StepDefinitions(ScenarioContext scenarioContext)&#10;&#10;        {&#10;&#10;            _scenarioContext = scenarioContext;&#10;&#10;        }&#10;&#10;        [When(@&quot;User create static list with '(.*)' name and '(.*)' access type on '(.*)' page with following items&quot;)]&#10;&#10;        public void WhenUserCreateStaticListWithNameAndAccessTypeOnPageWithFollowingItems(string p0, string p1, string users2, Table table)&#10;&#10;        {&#10;&#10;            _scenarioContext.Pending();&#10;&#10;        }&#10;&#10;        &#10;&#10;        [When(@&quot;User create static list with '(.*)' name and '(.*)' access type on '(.*)' page with following items&quot;)]&#10;&#10;        public void WhenUserCreateStaticListWithNameAndAccessTypeOnPageWithFollowingItems(string p0, string p1, string applications2, Table table)&#10;&#10;        {&#10;&#10;            _scenarioContext.Pending();&#10;&#10;        }&#10;&#10;    }&#10;&#10;}&#10;&#10;">   at TechTalk.SpecFlow.xUnit.SpecFlowPlugin.XUnitRuntimeProvider.TestPending(String message)

   at TechTalk.SpecFlow.Infrastructure.TestExecutionEngine.OnAfterLastStep()

   at DashworksTestAutomationCore.SpecFlowTests.GeneralEndUser1_D0Ebbc14_2C19_48B6_Bd5B_D2E20D896FbbFeature.ScenarioCleanup()

   at DashworksTestAutomationCore.SpecFlowTests.GeneralEndUser1_D0Ebbc14_2C19_48B6_Bd5B_D2E20D896FbbFeature.EvergreenJnr_AdminPage_CheckThatUndoAllChangesIMadeOnThisPageButtonWorksCorrectly() in C:\au</failure>
      <system-out>Given User is logged in to the Evergreen

-&gt; done: EvergreenJnr_Login.GivenUserIsLoggedInToTheEvergreen() (0.4s)

Then Evergreen Dashboards page should be displayed to the user

-&gt; done: EvergreenJnr_Login.ThenEvergreenDashboardsPageShouldBeDisplayedToTheUser() (3.2s)

When Project created via API and opened

  --- table step argument ---

  | ProjectName      | Scope     | ProjectTemplate | Mode               |

  | DAS_20330_Proj_2 | All Users | None            | Standalone Project |

-&gt; done:
</system-out>
    </testcase>
    <testcase classname="DashworksTestAutomationCore.SpecFlowTests.CreateSelfServiceMvp_37Eeb94C_5B50_43Be_B5Cc_04D81Ecfa3B9Feature" name="EvergreenJnr_AdminPage_CheckThatUserCantCreateSelfServiceWithDuplicatedSelfServiceShortName(selfServiceName: &quot;SSName_DAS_23088_10&quot;, selfServiceNameEdited: &quot;SSName_DAS_23088_10E&quot;, selfServiceScope: &quot;All Users&quot;, selfServiceShortName: &quot;S_23088_10&quot;, listPage: &quot;Users&quot;, objectType: &quot;User&quot;, exampleTags: [])" time="51.7710353">
      <system-out>Given User is logged in to the Evergreen

-&gt; done: EvergreenJnr_Login.GivenUserIsLoggedInToTheEvergreen() (0.9s)

Then Evergreen Dashboards page should be displayed to the user

-&gt; done: EvergreenJnr_Login.ThenEvergreenDashboardsPageShouldBeDisplayedToTheUser() (3.2s)

When User creates Self Service via API

  --- table step argument ---

  | Name                | ServiceShortName | Enabled | AllowAnonymousUsers | ScopeName | ObjectType |

  | SSName_DAS_23088_10 | S_23088_10       | true    | t
</system-out>
    </testcase>
    <testcase classname="DashworksTestAutomationCore.SpecFlowTests.SelfServicePages2_E9Dce469_A5D9_4B93_8695_D98C33F28857Feature" name="EvergreenJnr_AdminPage_CheckThatListValidatonWorksOnEditPage(iterator: &quot;2&quot;, objectType: &quot;Device&quot;, scope: &quot;Devices&quot;, exampleTags: [])" time="162.9037255">
      <system-out>Given User is logged in to the Evergreen

-&gt; done: EvergreenJnr_Login.GivenUserIsLoggedInToTheEvergreen() (0.5s)

When User creates broken list with '2_2_31940DAS_BrokenList' name with 'Owner' administer access type and 'Owner' edit access type and 'Everyone' read access type on 'Devices' page

-&gt; done: EvergreenJnr_Lists.WhenUserCreatesBrokenListWithNameAndAdministerAccessTypeAndEditAccessTypeAndReadAccessTypeOnPage("2_2_31940DAS_Brok...", "Owner", "Owner", "Everyone", "Devices") (0.1s)

When U
</system-out>
    </testcase>
    <testcase classname="DashworksTestAutomationCore.SpecFlowTests.CreateSelfServiceMvp_663004E1_6F16_48B9_8220_Febecbe6Eea0Feature" name="EvergreenJnr_AdminPage_CheckThatUserCantCreateSelfServiceWithDuplicatedSelfServiceShortName(selfServiceName: &quot;SSName_DAS_19282_6&quot;, selfServiceNameEdited: &quot;SSName_DAS_19282_6E&quot;, selfServiceScope: &quot;All Applications&quot;, selfServiceShortName: &quot;SN_19182_6&quot;, listPage: &quot;Applications&quot;, objectType: &quot;Application&quot;, exampleTags: [])" time="57.3719635">
      <system-out>Given User is logged in to the Evergreen

-&gt; done: EvergreenJnr_Login.GivenUserIsLoggedInToTheEvergreen() (0.4s)

Then Evergreen Dashboards page should be displayed to the user

-&gt; done: EvergreenJnr_Login.ThenEvergreenDashboardsPageShouldBeDisplayedToTheUser() (3.1s)

When User creates Self Service via API

  --- table step argument ---

  | Name               | ServiceShortName | Enabled | AllowAnonymousUsers | ScopeName        | ObjectType  |

  | SSName_DAS_19282_6 | SN_19182_6       | true 
</system-out>
    </testcase>
    <testcase classname="DashworksTestAutomationCore.SpecFlowTests.SelfServicePages3_B107Baa4_6Ea6_4Cf4_9A92_1F593Ae5E11FFeature" name="EvergreenJnr_AdminPage_CheckSSPagesDuplicationsForPagesWithBrokenComponents" time="217.3184748">
      <system-out>Given User is logged in to the Evergreen

-&gt; done: EvergreenJnr_Login.GivenUserIsLoggedInToTheEvergreen() (0.3s)

When Project created via API and opened

  --- table step argument ---

  | ProjectName        | Scope       | ProjectTemplate | Mode               |

  | 4_33345DAS_Project | All Devices | None            | Standalone Project |

-&gt; done: ProjectApiSteps.WhenUserCreateNewProjectViaApiAndOpened(&lt;table&gt;) (3.2s)

When User clicks 'Projects' on the left-hand menu

-&gt; done: EvergreenJnr_L
</system-out>
    </testcase>
    <testcase classname="DashworksTestAutomationCore.SpecFlowTests.EditSelfService_F8Ced1Bb_734D_4786_8Dba_Fe948Bd1022CFeature" name="EvergreenJnr_AdminPage_CheckThatProperNotificationWillBeDisplayedWhenEnableDisableSelfService" time="70.6457931">
      <system-out>Given User is logged in to the Evergreen

-&gt; done: EvergreenJnr_Login.GivenUserIsLoggedInToTheEvergreen() (0.3s)

Then Evergreen Dashboards page should be displayed to the user

-&gt; done: EvergreenJnr_Login.ThenEvergreenDashboardsPageShouldBeDisplayedToTheUser() (3.3s)

When User create static list with 'UserStatList_DAS19280_3' name and 'Everyone' read access type on 'Applications' page with following items

  --- table step argument ---

  | ItemName |

  |          |

-&gt; done: EvergreenJnr_Lis
</system-out>
    </testcase>
    <testcase classname="DashworksTestAutomationCore.SpecFlowTests.EditSelfService_F8Df8B07_211E_4Ab1_A2Ae_A01B7484222AFeature" name="EvergreenJnr_AdminPage_CheckThatCreatedSelfServiceIsMatchedToTheOpenedOneAndUserIsAbleToEditIt(selfServiceName: &quot;ssName_DAS_23089_2&quot;, selfServiceScope: &quot;DevStatList_DAS_23089_2&quot;, listPage: &quot;Users&quot;, selfServiceShortName: &quot;S_23089_2&quot;, selfServiceNameEdited: &quot;ssName_DAS_23089_2_Edited&quot;, objectType: &quot;User&quot;, exampleTags: [])" time="175.2963347">
      <system-out>Given User is logged in to the Evergreen

-&gt; done: EvergreenJnr_Login.GivenUserIsLoggedInToTheEvergreen() (1.4s)

Then Evergreen Dashboards page should be displayed to the user

-&gt; done: EvergreenJnr_Login.ThenEvergreenDashboardsPageShouldBeDisplayedToTheUser() (3.0s)

When User create static list with 'DevStatList_DAS_23089_2' name and 'Everyone' read access type on 'Users' page with following items

  --- table step argument ---

  | ItemName |

  |          |

-&gt; done: EvergreenJnr_Lists.When
</system-out>
    </testcase>
    <testcase classname="DashworksTestAutomationCore.SpecFlowTests.SelfServiceBuilderContextPanelActions0_1995Fa2F_F613_4323_9Eba_6D29010390F8Feature" name="EvergreenJnr_AdminPage_CheckThatProperCogMenuOptionsArePresentAndMoveToOptionsWorksProperly" time="103.7138374">
      <system-out>Given User is logged in to the Evergreen

-&gt; done: EvergreenJnr_Login.GivenUserIsLoggedInToTheEvergreen() (0.4s)

When User create static list with 'AppStatList_DAS_20407_1' name and 'Everyone' read access type on 'Applications' page with following items

  --- table step argument ---

  | ItemName   |

  | VSCmdShell |

-&gt; done: EvergreenJnr_Lists.WhenUserCreateStaticListWithNameAndReadAccessTypeOnPageWithFollowingItems("AppStatList_DAS_2...", "Everyone", "Applications", &lt;table&gt;) (7.1s)

When U
</system-out>
    </testcase>
    <testcase classname="DashworksTestAutomationCore.SpecFlowTests.GeneralEndUser2_35D3Ac01_755B_4Cbe_B956_6Bb62Cd1F75CFeature" name="EvergreenJnr_AdminPage_CheckThatProperErrorMessageDisplaysForComponentIfApplicationNotOnboarded" time="15.0453344">
      <failure message="TechTalk.SpecFlow.xUnit.SpecFlowPlugin.XUnitPendingStepException : Test pending: No matching step definition found for one or more steps.&#10;&#10;using System;&#10;&#10;using TechTalk.SpecFlow;&#10;&#10;&#10;&#10;namespace MyNamespace&#10;&#10;{&#10;&#10;    [Binding]&#10;&#10;    public class StepDefinitions&#10;&#10;    {&#10;&#10;        private readonly ScenarioContext _scenarioContext;&#10;&#10;&#10;&#10;        public StepDefinitions(ScenarioContext scenarioContext)&#10;&#10;        {&#10;&#10;            _scenarioContext = scenarioContext;&#10;&#10;        }&#10;&#10;        [When(@&quot;User create static list with '(.*)' name and '(.*)' access type on '(.*)' page with following items&quot;)]&#10;&#10;        public void WhenUserCreateStaticListWithNameAndAccessTypeOnPageWithFollowingItems(string p0, string p1, string users2, Table table)&#10;&#10;        {&#10;&#10;            _scenarioContext.Pending();&#10;&#10;        }&#10;&#10;        &#10;&#10;        [When(@&quot;User create static list with '(.*)' name and '(.*)' access type on '(.*)' page with following items&quot;)]&#10;&#10;        public void WhenUserCreateStaticListWithNameAndAccessTypeOnPageWithFollowingItems(string p0, string p1, string applications2, Table table)&#10;&#10;        {&#10;&#10;            _scenarioContext.Pending();&#10;&#10;        }&#10;&#10;    }&#10;&#10;}&#10;&#10;">   at TechTalk.SpecFlow.xUnit.SpecFlowPlugin.XUnitRuntimeProvider.TestPending(String message)

   at TechTalk.SpecFlow.ErrorHandling.ErrorProvider.ThrowPendingError(ScenarioExecutionStatus testStatus, String message)

   at TechTalk.SpecFlow.Infrastructure.TestExecutionEngine.OnAfterLastStep()

   at DashworksTestAutomationCore.SpecFlowTests.GeneralEndUser2_35D3Ac01_755B_4Cbe_B956_6Bb62Cd1F75CFeature.ScenarioCleanup()

   at DashworksTestAutomationCore.SpecFlowTests.GeneralEndUser2_35D3Ac01_755B</failure>
      <system-out>Given User is logged in to the Evergreen

-&gt; done: EvergreenJnr_Login.GivenUserIsLoggedInToTheEvergreen() (0.3s)

Then Evergreen Dashboards page should be displayed to the user

-&gt; done: EvergreenJnr_Login.ThenEvergreenDashboardsPageShouldBeDisplayedToTheUser() (3.5s)

When Project created via API and opened

  --- table step argument ---

  | ProjectName  | Scope     | ProjectTemplate | Mode               |

  | 4_21191_Proj | All Users | None            | Standalone Project |

-&gt; done: Project
</system-out>
    </testcase>
    <testcase classname="DashworksTestAutomationCore.SpecFlowTests.OutsideUsage_3A5E5925_A07A_4670_89B6_Ecb2D125C5C8Feature" name="EvergreenJnr_AdminPage_CheckApplicationAndDevicesSelfServiceColumns(selfServiceName: &quot;ssName_DAS_20791_1&quot;, selfServiceShortName: &quot;SN_20791_1&quot;, staticList: &quot;AppList_DAS_20791_1&quot;, listType: &quot;Applications&quot;, projectName: &quot;ProjName_DAS_20791_1&quot;, projectScope: &quot;All Users&quot;, oCName: &quot;AOC_Name&quot;, oCNameUpdated: &quot;AOC_Name_updated&quot;, componentType: &quot;Application Ownership&quot;, content: &quot;0007AD15-8C65-4E6A-841E-F45E3CD99C49&quot;, content2: &quot;00445C1C-05F0-4738-A2B0-AA53E7E7CAF9&quot;, leftHandMenu: &quot;Applications&quot;, listTitle: &quot;All Applications&quot;, dynamicListName: &quot;DynamicAppList_DAS_20791_1&quot;, objectType: &quot;Application&quot;, exampleTags: [])" time="185.7787631">
      <system-out>Given User is logged in to the Evergreen

-&gt; done: EvergreenJnr_Login.GivenUserIsLoggedInToTheEvergreen() (0.3s)

Then Evergreen Dashboards page should be displayed to the user

-&gt; done: EvergreenJnr_Login.ThenEvergreenDashboardsPageShouldBeDisplayedToTheUser() (2.8s)

Given User sets default self service base url

-&gt; done: SettingsApi.GivenUserSetsDefaultSelfServiceBaseUrl() (0.1s)

When User create static list with 'AppList_DAS_20791_1' name and 'Everyone' read access type on 'Applications' pa
</system-out>
    </testcase>
    <testcase classname="DashworksTestAutomationCore.SpecFlowTests.SelfServiceNavigation_Ff722C47_311B_444A_A630_Dc2Dbf0D8771Feature" name="EvergreenJnr_AdminPage_SelfServices_CheckNavigationWithUrlThroughSelfServicesWithUrlsAndHeaders(iterator: &quot;3&quot;, urlToNavigate: &quot;admin/selfservice/1/builder/qwerty&quot;, expectedUrl: &quot;evergreen/#/admin/selfservice/1/builder/page/1&quot;, expectedSubheader: &quot;Welcome&quot;, exampleTags: [])" time="15.0483604">
      <system-out>Given User is logged in to the Evergreen

-&gt; done: EvergreenJnr_Login.GivenUserIsLoggedInToTheEvergreen() (0.4s)

When User navigates to 'admin/selfservice/1/builder/qwerty' url via address line

-&gt; done: BaseActions.ThenUserNavigatesToTheSpecificUrlViaAddressLine("admin/selfservice...") (3.5s)

Then URL is 'evergreen/#/admin/selfservice/1/builder/page/1'

-&gt; done: BaseActions.ThenURLIs("evergreen/#/admin...") (0.0s)

Then Page with 'Welcome' subheader is displayed to user

-&gt; done: EvergreenJnr
</system-out>
    </testcase>
    <testcase classname="DashworksTestAutomationCore.SpecFlowTests.CreateSelfServiceMvp_Af494Fd0_D09A_4616_9037_915161Ccbf93Feature" name="EvergreenJnr_AdminPage_CheckSelfServiceCreationWithListThatRefersToAnotherList(selfServiceName: &quot;SSName_DAS_23917_4&quot;, firstList: &quot;List_23917_A_4&quot;, secondList: &quot;List_23917_B_4&quot;, objectType: &quot;Mailboxes&quot;, selfServiceShortName: &quot;SN_23917_4&quot;, list: &quot;Mailbox&quot;, exampleTags: [])" time="122.4333605">
      <system-out>Given User is logged in to the Evergreen

-&gt; done: EvergreenJnr_Login.GivenUserIsLoggedInToTheEvergreen() (0.6s)

Then Evergreen Dashboards page should be displayed to the user

-&gt; done: EvergreenJnr_Login.ThenEvergreenDashboardsPageShouldBeDisplayedToTheUser() (3.5s)

When User creates dynamic list with 'List_23917_A_4' name and 'Everyone' read access type on 'Mailboxes' page

-&gt; done: EvergreenJnr_Lists.WhenUserCreatesDynamicListWithNameAndReadAccessTypeOnPage("List_23917_A_4", "Everyone", "Ma
</system-out>
    </testcase>
    <testcase classname="DashworksTestAutomationCore.SpecFlowTests.SelfServicePages3_35Ee4Bcd_2F42_479D_9F9A_6C019A02Ecc7Feature" name="EvergreenJnr_AdminPage_CheckSSPagesDuplicationsForPagesWithComponentWithParentChildRelations" time="285.3475395">
      <system-out>Given User is logged in to the Evergreen

-&gt; done: EvergreenJnr_Login.GivenUserIsLoggedInToTheEvergreen() (0.3s)

When Project created via API and opened

  --- table step argument ---

  | ProjectName        | Scope       | ProjectTemplate | Mode               |

  | 3_33345DAS_Project | All Devices | None            | Standalone Project |

-&gt; done: ProjectApiSteps.WhenUserCreateNewProjectViaApiAndOpened(&lt;table&gt;) (2.6s)

When User clicks 'Projects' on the left-hand menu

-&gt; done: EvergreenJnr_L
</system-out>
    </testcase>
    <testcase classname="DashworksTestAutomationCore.SpecFlowTests.EndUserUrlErrors_86798432_1677_416E_827D_8Ffe7Ca75B10Feature" name="EvergreenJnr_AdminPage_CheckEnduserErrorMessageHandlingForSSWithAllDevicesScope(iterator: &quot;11&quot;, sSName: &quot;SSName_DAS_21385_2_K&quot;, serviceIdentifier: &quot;21385_2_SK&quot;, enabled: &quot;false&quot;, sSID: &quot;XXXXX&quot;, gUID: &quot;XXXXX&quot;, pageID: &quot;VALID&quot;, errorMessage: &quot;This is not a valid self service&quot;, exampleTags: [])" time="111.6665103">
      <system-out>Given User is logged in to the Evergreen

-&gt; done: EvergreenJnr_Login.GivenUserIsLoggedInToTheEvergreen() (14.7s)

Then Evergreen Dashboards page should be displayed to the user

-&gt; done: EvergreenJnr_Login.ThenEvergreenDashboardsPageShouldBeDisplayedToTheUser() (3.0s)

When User creates Self Service via API and open it

  --- table step argument ---

  | Name                 | ServiceShortName | Enabled | AllowAnonymousUsers | ScopeName        | ObjectType  |

  | SSName_DAS_21385_2_K | 21385_2
</system-out>
    </testcase>
    <testcase classname="DashworksTestAutomationCore.SpecFlowTests.EndUserUrlErrors_04418617_8D98_4F6C_Be68_259B1529E397Feature" name="EvergreenJnr_AdminPage_CheckEnduserErrorMessageHandlingForSSWithAllDevicesScope(iterator: &quot;14&quot;, sSName: &quot;SSName_DAS_21385_2_N&quot;, serviceIdentifier: &quot;21385_2_SN&quot;, enabled: &quot;false&quot;, sSID: &quot;XXXXX&quot;, gUID: &quot;XXXXX&quot;, pageID: &quot;XXXXX&quot;, errorMessage: &quot;This is not a valid self service&quot;, exampleTags: [])" time="24.8204943">
      <system-out>Given User is logged in to the Evergreen

-&gt; done: EvergreenJnr_Login.GivenUserIsLoggedInToTheEvergreen() (0.8s)

Then Evergreen Dashboards page should be displayed to the user

-&gt; done: EvergreenJnr_Login.ThenEvergreenDashboardsPageShouldBeDisplayedToTheUser() (3.6s)

When User creates Self Service via API and open it

  --- table step argument ---

  | Name                 | ServiceShortName | Enabled | AllowAnonymousUsers | ScopeName        | ObjectType  |

  | SSName_DAS_21385_2_N | 21385_2_
</system-out>
    </testcase>
    <testcase classname="DashworksTestAutomationCore.SpecFlowTests.UpdatePageViaBuilder_9Add673E_F5D1_4C8A_Ade3_1F6812Ff515AFeature" name="EvergreenJnr_AdminPage_CheckThatSelectedPageConfigurationShownWhenUserEditPage" time="52.4234862">
      <system-out>Given User is logged in to the Evergreen

-&gt; done: EvergreenJnr_Login.GivenUserIsLoggedInToTheEvergreen() (0.3s)

Then Evergreen Dashboards page should be displayed to the user

-&gt; done: EvergreenJnr_Login.ThenEvergreenDashboardsPageShouldBeDisplayedToTheUser() (3.2s)

When User create static list with '19792_UserStatList_1' name and 'Everyone' read access type on 'Applications' page with following items

  --- table step argument ---

  | ItemName |

  |          |

-&gt; done: EvergreenJnr_Lists.
</system-out>
    </testcase>
    <testcase classname="DashworksTestAutomationCore.SpecFlowTests.CreateSelfServiceMvp_903004B5_C1Ff_4538_B485_Aa9Ee7D58Ee9Feature" name="EvergreenJnr_AdminPage_CheckValidationMessageWithListWithMeAndTeamValueOnDetailsPage(iterator: &quot;5&quot;, filter: &quot;ComputerSc: One \\ Radio Rag Date App Req B (Team)&quot;, value: &quot;My Team&quot;, objectType: &quot;Applications&quot;, selfSeviceScope: &quot;All Applications&quot;, sSObjectType: &quot;Application&quot;, exampleTags: [])" time="118.1924311">
      <system-out>Given User is logged in to the Evergreen

-&gt; done: EvergreenJnr_Login.GivenUserIsLoggedInToTheEvergreen() (0.9s)

Then Evergreen Dashboards page should be displayed to the user

-&gt; done: EvergreenJnr_Login.ThenEvergreenDashboardsPageShouldBeDisplayedToTheUser() (3.2s)

When User clicks 'Applications' on the left-hand menu

-&gt; done: EvergreenJnr_LeftHandMenuNavigation.WhenUserClicksOnTheLeft_HandMenu("Applications") (6.9s)

When User clicks the Columns button

-&gt; done: EvergreenJnr_BaseHeader.Whe
</system-out>
    </testcase>
    <testcase classname="DashworksTestAutomationCore.SpecFlowTests.GeneralEndUser5_088E405C_8E60_4736_Ab7B_B4D6436Deab7Feature" name="EvergreenJnr_AdminPage_CheckThatContinueButtonOnEndUserSideIsDisabledIfSlotWasDeleted" time="263.9303757">
      <system-out>Given User is logged in to the Evergreen

-&gt; done: EvergreenJnr_Login.GivenUserIsLoggedInToTheEvergreen() (0.4s)

Then Evergreen Dashboards page should be displayed to the user

-&gt; done: EvergreenJnr_Login.ThenEvergreenDashboardsPageShouldBeDisplayedToTheUser() (3.1s)

When Project created via API and opened

  --- table step argument ---

  | ProjectName     | Scope     | ProjectTemplate | Mode               |

  | 25047ProjectDAS | All Users | None            | Standalone Project |

-&gt; done: P
</system-out>
    </testcase>
    <testcase classname="DashworksTestAutomationCore.SpecFlowTests.SelfServiceNavigation_E3Bcfdf7_8958_4Ea9_B6D9_E01212Cd1749Feature" name="EvergreenJnr_AdminPage_SelfServices_CheckNavigationWithUrlThroughSelfServicesWithUrlsAndHeaders(iterator: &quot;2&quot;, urlToNavigate: &quot;admin/selfservice/1/builder&quot;, expectedUrl: &quot;evergreen/#/admin/selfservice/1/builder/page/1&quot;, expectedSubheader: &quot;Welcome&quot;, exampleTags: [])" time="16.3665755">
      <system-out>Given User is logged in to the Evergreen

-&gt; done: EvergreenJnr_Login.GivenUserIsLoggedInToTheEvergreen() (0.9s)

When User navigates to 'admin/selfservice/1/builder' url via address line

-&gt; done: BaseActions.ThenUserNavigatesToTheSpecificUrlViaAddressLine("admin/selfservice...") (3.5s)

Then URL is 'evergreen/#/admin/selfservice/1/builder/page/1'

-&gt; done: BaseActions.ThenURLIs("evergreen/#/admin...") (0.0s)

Then Page with 'Welcome' subheader is displayed to user

-&gt; done: EvergreenJnr_BasePa
</system-out>
    </testcase>
    <testcase classname="DashworksTestAutomationCore.SpecFlowTests.LastPageMVP_Ec8A931A_105E_41Cc_Accb_7F870F300801Feature" name="EvergreenJnr_AdminPage_CheckEndUserLastPage" time="97.5517744">
      <system-out>Given User is logged in to the Evergreen

-&gt; done: EvergreenJnr_Login.GivenUserIsLoggedInToTheEvergreen() (0.5s)

Then Evergreen Dashboards page should be displayed to the user

-&gt; done: EvergreenJnr_Login.ThenEvergreenDashboardsPageShouldBeDisplayedToTheUser() (3.6s)

When User create static list with 'DAS_20325' name and 'Everyone' read access type on 'Applications' page with following items

  --- table step argument ---

  | ItemName   |

  | VSCmdShell |

-&gt; done: EvergreenJnr_Lists.WhenUse
</system-out>
    </testcase>
    <testcase classname="DashworksTestAutomationCore.SpecFlowTests.EndUserUrlErrors_51B95Bfb_F761_421A_968A_F25F9Cc98401Feature" name="EvergreenJnr_AdminPage_ThisObjectCannotBeFoundErrorPageIsShownAfterChangingScopeOfTheSelfService(iterator: &quot;9&quot;, scopeBefore: &quot;All Users&quot;, objectType: &quot;User&quot;, scopeAfter: &quot;All Applications&quot;, objectGUID: &quot;69CF5D3D-0DDA-47BE-833E-6FDEE437A7B3&quot;, errorMessage: &quot;This application cannot be found&quot;, exampleTags: [])" time="0.001">
      <skipped/>
      <system-out>'EvergreenJnr_AdminPage_ThisObjectCannotBeFoundErrorPageIsShownAfterChangingScopeOfTheSelfService, 9' is skipped because of the linked bug
</system-out>
    </testcase>
    <testcase classname="DashworksTestAutomationCore.SpecFlowTests.CreateSelfServiceMvp_F7D402F9_76Fa_44D8_B172_2Ebf4D6Ec421Feature" name="EvergreenJnr_AdminPage_CheckThatPrivateListNotAppearInSelfServiceAutocompleteWithSeniorProject" time="81.8966961">
      <system-out>Given User is logged in to the Evergreen

-&gt; done: EvergreenJnr_Login.GivenUserIsLoggedInToTheEvergreen() (0.3s)

Then Evergreen Dashboards page should be displayed to the user

-&gt; done: EvergreenJnr_Login.ThenEvergreenDashboardsPageShouldBeDisplayedToTheUser() (3.5s)

When User create static list with '1_DAS21292_AppList' name and 'Owner' read access type on 'Applications' page with following items

  --- table step argument ---

  | ItemName |

  |          |

-&gt; done: EvergreenJnr_Lists.WhenU
</system-out>
    </testcase>
    <testcase classname="DashworksTestAutomationCore.SpecFlowTests.SelfServiceBuilderContextPanelActions0_377B9085_5Eff_42B9_8E7B_13C981E7356EFeature" name="EvergreenJnr_AdminPage_CheckThatIfdDifferentPageCogmenuIsOpenedThePageDoesNotLoadInTheBuilderDesignPanel" time="50.0838604">
      <system-out>Given User is logged in to the Evergreen

-&gt; done: EvergreenJnr_Login.GivenUserIsLoggedInToTheEvergreen() (0.5s)

When User create static list with 'AppStatList_DAS_18994_1' name and 'Everyone' read access type on 'Applications' page with following items

  --- table step argument ---

  | ItemName   |

  | VSCmdShell |

-&gt; done: EvergreenJnr_Lists.WhenUserCreateStaticListWithNameAndReadAccessTypeOnPageWithFollowingItems("AppStatList_DAS_1...", "Everyone", "Applications", &lt;table&gt;) (8.1s)

When U
</system-out>
    </testcase>
    <testcase classname="DashworksTestAutomationCore.SpecFlowTests.UpdatePageViaBuilder_B5C59337_Eb35_40B2_B365_28D2B01Bf7D5Feature" name="EvergreenJnr_AdminPage_CheckThatChangesOfTheUpdatedPageWillBeSavedWithProperNotificationAndHighlightedOnContextPanel" time="95.9442499">
      <system-out>Given User is logged in to the Evergreen

-&gt; done: EvergreenJnr_Login.GivenUserIsLoggedInToTheEvergreen() (0.4s)

Then Evergreen Dashboards page should be displayed to the user

-&gt; done: EvergreenJnr_Login.ThenEvergreenDashboardsPageShouldBeDisplayedToTheUser() (3.6s)

When User create static list with '19792 UserStatList_3' name and 'Everyone' read access type on 'Applications' page with following items

  --- table step argument ---

  | ItemName |

  |          |

-&gt; done: EvergreenJnr_Lists.
</system-out>
    </testcase>
    <testcase classname="DashworksTestAutomationCore.SpecFlowTests.CreateSelfServiceMvp_5917Aef8_2778_4Dee_B137_B1Ca9864B310Feature" name="EvergreenJnr_AdminPage_CheckThatUserCantCreateSelfServiceWithBrokenScopeList(selfServiceName: &quot;SSName_DAS_23088_7&quot;, selfServiceScope: &quot;DAS_23088_DevList_7&quot;, listPage: &quot;Mailboxes&quot;, selfServiceShortName: &quot;SN_23088_7&quot;, exampleTags: [])" time="11.0160553">
      <failure message="TechTalk.SpecFlow.xUnit.SpecFlowPlugin.XUnitPendingStepException : Test pending: No matching step definition found for one or more steps.&#10;&#10;using System;&#10;&#10;using TechTalk.SpecFlow;&#10;&#10;&#10;&#10;namespace MyNamespace&#10;&#10;{&#10;&#10;    [Binding]&#10;&#10;    public class StepDefinitions&#10;&#10;    {&#10;&#10;        private readonly ScenarioContext _scenarioContext;&#10;&#10;&#10;&#10;        public StepDefinitions(ScenarioContext scenarioContext)&#10;&#10;        {&#10;&#10;            _scenarioContext = scenarioContext;&#10;&#10;        }&#10;&#10;        [When(@&quot;User creates broken list with '(.*)' name and '(.*)' access type on '(.*)' page&quot;)]&#10;&#10;        public void WhenUserCreatesBrokenListWithNameAndAccessTypeOnPage(string p0, string p1, string mailboxes2)&#10;&#10;        {&#10;&#10;            _scenarioContext.Pending();&#10;&#10;        }&#10;&#10;    }&#10;&#10;}&#10;&#10;">   at TechTalk.SpecFlow.xUnit.SpecFlowPlugin.XUnitRuntimeProvider.TestPending(String message)

   at TechTalk.SpecFlow.ErrorHandling.ErrorProvider.ThrowPendingError(ScenarioExecutionStatus testStatus, String message)

   at TechTalk.SpecFlow.Infrastructure.TestExecutionEngine.OnAfterLastStep()

   at DashworksTestAutomationCore.SpecFlowTests.CreateSelfServiceMvp_5917Aef8_2778_4Dee_B137_B1Ca9864B310Feature.ScenarioCleanup()

   at DashworksTestAutomationCore.SpecFlowTests.CreateSelfServiceMvp_591</failure>
      <system-out>Given User is logged in to the Evergreen

-&gt; done: EvergreenJnr_Login.GivenUserIsLoggedInToTheEvergreen() (0.5s)

Then Evergreen Dashboards page should be displayed to the user

-&gt; done: EvergreenJnr_Login.ThenEvergreenDashboardsPageShouldBeDisplayedToTheUser() (2.8s)

When User creates broken list with 'DAS_23088_DevList_7' name and 'Everyone can see' access type on 'Mailboxes' page

-&gt; No matching step definition found for the step. Use the following code to create one:

        [When(@"User c
</system-out>
    </testcase>
    <testcase classname="DashworksTestAutomationCore.SpecFlowTests.AddDateTaskSelectTaskComponentViaSelfServiceBuilder_4D755765_6Ada_49F8_A402_49E9D8B2Ced5Feature" name="EvergreenJnr_AdminPage_CheckThatProperErrorMessageWillBeDispalyedIfUserDeletedTasksComponentTask(iterator: &quot;7&quot;, selfServiceName: &quot;ssName_DAS_22800_7&quot;, selfServiceShortName: &quot;22800_7&quot;, listType: &quot;User&quot;, list: &quot;Users&quot;, listName: &quot;DAS_22800_List_7&quot;, componentNameOnDialog: &quot;Select Task&quot;, valueType: &quot;DropDownList&quot;, objectType: &quot;User&quot;, subheaderOnCreatePage: &quot;Create Device Select Task Component&quot;, exampleTags: [])" time="0.001">
      <skipped/>
      <system-out>'EvergreenJnr_AdminPage_CheckThatProperErrorMessageWillBeDispalyedIfUserDeletedTasksComponentTask, 7' is skipped because of the linked bug
</system-out>
    </testcase>
    <testcase classname="DashworksTestAutomationCore.SpecFlowTests.SelfServiceNavigation_Ea2A15E3_1C17_43E5_9Bca_20564E797755Feature" name="EvergreenJnr_AdminPage_SelfServices_CheckNavigationWithUrlThroughSelfServicesWithUrlsAndHeaders(iterator: &quot;5&quot;, urlToNavigate: &quot;admin/selfservice/1/builder/page/1/create/componen&quot;..., expectedUrl: &quot;evergreen/#/admin/selfservice/1/builder/page/1/cre&quot;..., expectedSubheader: &quot;Create Application Text Task Component&quot;, exampleTags: [])" time="15.1239821">
      <system-out>Given User is logged in to the Evergreen

-&gt; done: EvergreenJnr_Login.GivenUserIsLoggedInToTheEvergreen() (0.4s)

When User navigates to 'admin/selfservice/1/builder/page/1/create/component-type/6' url via address line

-&gt; done: BaseActions.ThenUserNavigatesToTheSpecificUrlViaAddressLine("admin/selfservice...") (4.2s)

Then URL is 'evergreen/#/admin/selfservice/1/builder/page/1/create/component-type/6'

-&gt; done: BaseActions.ThenURLIs("evergreen/#/admin...") (0.0s)

Then Page with 'Create Applica
</system-out>
    </testcase>
    <testcase classname="DashworksTestAutomationCore.SpecFlowTests.OutsideUsage_Df793E32_85Df_4F26_84E9_D7Ab31836102Feature" name="EvergreenJnr_AdminPage_CheckListsDisplayingThatUsedSelfServiceFiltersAfterChangingScopeThoseSelfServices(selfServiceName: &quot;ssName_DAS_22585_1&quot;, selfServiceShortName: &quot;SN_22585_1&quot;, listType: &quot;Applications&quot;, staticList: &quot;All Applications&quot;, staticListToChange: &quot;All Devices&quot;, dynamicList: &quot;22585_List_1&quot;, objectType: &quot;Application&quot;, exampleTags: [])" time="170.0445337">
      <system-out>Given User is logged in to the Evergreen

-&gt; done: EvergreenJnr_Login.GivenUserIsLoggedInToTheEvergreen() (0.4s)

Then Evergreen Dashboards page should be displayed to the user

-&gt; done: EvergreenJnr_Login.ThenEvergreenDashboardsPageShouldBeDisplayedToTheUser() (3.3s)

When User creates Self Service via API and open it

  --- table step argument ---

  | Name               | ServiceShortName | Enabled | AllowAnonymousUsers | ScopeName        | ObjectType  |

  | ssName_DAS_22585_1 | SN_22585_1  
</system-out>
    </testcase>
    <testcase classname="DashworksTestAutomationCore.SpecFlowTests.AddDateTaskSelectTaskComponentInConcurrentSessionViaBuilder_B1E7D7A8_4C19_4C50_Bb67_8Fc5Dd4896C5Feature" name="EvergreenJnr_AdminPage_CheckThatProperErrorMessageDisplaysIfTaskWasDeletedDuringTaskComponentCreation(iterator: &quot;2&quot;, scope: &quot;All Mailboxes&quot;, selfServiceName: &quot;ssName_22680_2&quot;, selfServiceShortName: &quot;22680_2&quot;, listType: &quot;Mailbox&quot;, componentNameOnDialog: &quot;Date Task&quot;, objectType: &quot;Mailbox&quot;, valueType: &quot;Date&quot;, exampleTags: [])" time="141.4382953">
      <system-out>Given User is logged in to the Evergreen

-&gt; done: EvergreenJnr_Login.GivenUserIsLoggedInToTheEvergreen() (0.9s)

Then Evergreen Dashboards page should be displayed to the user

-&gt; done: EvergreenJnr_Login.ThenEvergreenDashboardsPageShouldBeDisplayedToTheUser() (3.7s)

When Project created via API

  --- table step argument ---

  | ProjectName           | Scope         | ProjectTemplate | Mode               |

  | Project_DAS_22680_2_2 | All Mailboxes | None            | Standalone Project |

-
</system-out>
    </testcase>
    <testcase classname="DashworksTestAutomationCore.SpecFlowTests.AddDateTaskSelectTaskComponentViaSelfServiceBuilder_6E693612_3793_4D2B_98A2_D2282588Ac34Feature" name="EvergreenJnr_AdminPage_CheckThatProperErrorMessageWillBeDispalyedIfUserDeletedTasksComponentTask(iterator: &quot;6&quot;, selfServiceName: &quot;ssName_DAS_22800_6&quot;, selfServiceShortName: &quot;22800_6&quot;, listType: &quot;Device&quot;, list: &quot;Devices&quot;, listName: &quot;DAS_22800_List_6&quot;, componentNameOnDialog: &quot;Date Task&quot;, valueType: &quot;Date&quot;, objectType: &quot;Computer&quot;, subheaderOnCreatePage: &quot;Create Device Date Task Component&quot;, exampleTags: [])" time="217.3909333">
      <system-out>Given User is logged in to the Evergreen

-&gt; done: EvergreenJnr_Login.GivenUserIsLoggedInToTheEvergreen() (0.4s)

Then Evergreen Dashboards page should be displayed to the user

-&gt; done: EvergreenJnr_Login.ThenEvergreenDashboardsPageShouldBeDisplayedToTheUser() (3.3s)

When User creates dynamic list with 'DAS_22800_List_6_6' name and 'Everyone' read access type on 'Devices' page

-&gt; done: EvergreenJnr_Lists.WhenUserCreatesDynamicListWithNameAndReadAccessTypeOnPage("DAS_22800_List_6_6", "Everyone
</system-out>
    </testcase>
    <testcase classname="DashworksTestAutomationCore.SpecFlowTests.EndUserUrlErrors_Aa945F12_9124_4F50_A2Ca_855Aa6393F72Feature" name="EvergreenJnr_AdminPage_CheckEnduserErrorMessageHandlingForSSWithAllDevicesScope(iterator: &quot;5&quot;, sSName: &quot;SSName_DAS_21385_2_E&quot;, serviceIdentifier: &quot;21385_2_SE&quot;, enabled: &quot;true&quot;, sSID: &quot;XXXXX&quot;, gUID: &quot;VALID&quot;, pageID: &quot;XXXXX&quot;, errorMessage: &quot;This is not a valid self service&quot;, exampleTags: [])" time="24.380797">
      <system-out>Given User is logged in to the Evergreen

-&gt; done: EvergreenJnr_Login.GivenUserIsLoggedInToTheEvergreen() (0.4s)

Then Evergreen Dashboards page should be displayed to the user

-&gt; done: EvergreenJnr_Login.ThenEvergreenDashboardsPageShouldBeDisplayedToTheUser() (3.7s)

When User creates Self Service via API and open it

  --- table step argument ---

  | Name                 | ServiceShortName | Enabled | AllowAnonymousUsers | ScopeName        | ObjectType  |

  | SSName_DAS_21385_2_E | 21385_2_
</system-out>
    </testcase>
    <testcase classname="DashworksTestAutomationCore.SpecFlowTests.AddDateTaskSelectTaskComponentInConcurrentSessionViaBuilder_1C101402_250B_4546_B684_8172E0556F3AFeature" name="EvergreenJnr_AdminPage_CheckThatProperErrorMessageDisplaysIfTaskWasDeletedDuringTaskComponentCreation(iterator: &quot;3&quot;, scope: &quot;All Users&quot;, selfServiceName: &quot;ssName_22680_2&quot;, selfServiceShortName: &quot;22680_2&quot;, listType: &quot;User&quot;, componentNameOnDialog: &quot;Select Task&quot;, objectType: &quot;User&quot;, valueType: &quot;Radiobutton&quot;, exampleTags: [])" time="137.7207316">
      <system-out>Given User is logged in to the Evergreen

-&gt; done: EvergreenJnr_Login.GivenUserIsLoggedInToTheEvergreen() (0.5s)

Then Evergreen Dashboards page should be displayed to the user

-&gt; done: EvergreenJnr_Login.ThenEvergreenDashboardsPageShouldBeDisplayedToTheUser() (3.2s)

When Project created via API

  --- table step argument ---

  | ProjectName           | Scope     | ProjectTemplate | Mode               |

  | Project_DAS_22680_2_3 | All Users | None            | Standalone Project |

-&gt; done: 
</system-out>
    </testcase>
    <testcase classname="DashworksTestAutomationCore.SpecFlowTests.CreateSelfServiceMvp_9547329B_788D_4D3E_Adef_D57D4C1298DfFeature" name="EvergreenJnr_AdminPage_CheckThatProperInlineErrorBannerDispaysWhenSelfServiceAlreadyExistsWithTheSameName(selfServiceName: &quot;SSName_DAS_20207_1&quot;, selfServiceScope: &quot;DAS_20207_AppList_1&quot;, listPage: &quot;Applications&quot;, selfServiceShortName: &quot;SN_20207_1&quot;, selfServiceShortNameTwo: &quot;ST_20207_1&quot;, selfServiceScopeTwo: &quot;DAS_20207_AppList_1T&quot;, objectType: &quot;Application&quot;, exampleTags: [])" time="73.1913079">
      <system-out>Given User is logged in to the Evergreen

-&gt; done: EvergreenJnr_Login.GivenUserIsLoggedInToTheEvergreen() (0.3s)

Then Evergreen Dashboards page should be displayed to the user

-&gt; done: EvergreenJnr_Login.ThenEvergreenDashboardsPageShouldBeDisplayedToTheUser() (3.3s)

When User create static list with 'DAS_20207_AppList_1' name and 'Everyone' read access type on 'Applications' page with following items

  --- table step argument ---

  | ItemName |

  |          |

-&gt; done: EvergreenJnr_Lists.W
</system-out>
    </testcase>
    <testcase classname="DashworksTestAutomationCore.SpecFlowTests.CreateSelfServiceMvp_B45Aaaa7_E6Ae_497F_Ace9_27D69C76A4D9Feature" name="EvergreenJnr_AdminPage_CheckValidationMessageWithListWithMeAndTeamValueOnDetailsPage(iterator: &quot;7&quot;, filter: &quot;ComputerSc: Group Stage \\ Group User Radio ag Dat&quot;..., value: &quot;My Team&quot;, objectType: &quot;Users&quot;, selfSeviceScope: &quot;All Users&quot;, sSObjectType: &quot;User&quot;, exampleTags: [])" time="119.4906181">
      <system-out>Given User is logged in to the Evergreen

-&gt; done: EvergreenJnr_Login.GivenUserIsLoggedInToTheEvergreen() (0.5s)

Then Evergreen Dashboards page should be displayed to the user

-&gt; done: EvergreenJnr_Login.ThenEvergreenDashboardsPageShouldBeDisplayedToTheUser() (3.5s)

When User clicks 'Users' on the left-hand menu

-&gt; done: EvergreenJnr_LeftHandMenuNavigation.WhenUserClicksOnTheLeft_HandMenu("Users") (7.5s)

When User clicks the Columns button

-&gt; done: EvergreenJnr_BaseHeader.WhenUserClicksThe
</system-out>
    </testcase>
    <testcase classname="DashworksTestAutomationCore.SpecFlowTests.CreateSelfServiceMvp_875Ba13B_867A_47E5_97C9_1B8Ba07111AdFeature" name="EvergreenJnr_AdminPage_CheckThatNoUnsavedChagesPopupWhenUserLeaveCreateSSBlancAndNavigateToSettings" time="36.1591277">
      <system-out>Given User is logged in to the Evergreen

-&gt; done: EvergreenJnr_Login.GivenUserIsLoggedInToTheEvergreen() (0.4s)

Then Evergreen Dashboards page should be displayed to the user

-&gt; done: EvergreenJnr_Login.ThenEvergreenDashboardsPageShouldBeDisplayedToTheUser() (2.8s)

When User clicks 'Admin' on the left-hand menu

-&gt; done: EvergreenJnr_LeftHandMenuNavigation.WhenUserClicksOnTheLeft_HandMenu("Admin") (6.1s)

When User navigates to the 'Self Services' parent left menu item

-&gt; done: EvergreenJnr
</system-out>
    </testcase>
    <testcase classname="DashworksTestAutomationCore.SpecFlowTests.OutsideUsage_55811316_8Da9_4957_938E_515A5Dab7745Feature" name="EvergreenJnr_AdminPage_CheckApplicationAndDeviceSelfServiceFilters(iterator: &quot;1&quot;, selfServiceName: &quot;ssName_DAS_20073_1&quot;, selfServiceShortName: &quot;SN_20073_1&quot;, staticList: &quot;All Applications&quot;, listType: &quot;Applications&quot;, componentType: &quot;Application Ownership&quot;, leftHandMenu: &quot;Applications&quot;, listTitle: &quot;All Applications&quot;, dynamicListName: &quot;DynamicAppList_DAS_20073_1&quot;, objectType: &quot;Application&quot;, exampleTags: [])" time="185.3114441">
      <system-out>Given User is logged in to the Evergreen

-&gt; done: EvergreenJnr_Login.GivenUserIsLoggedInToTheEvergreen() (0.4s)

Then Evergreen Dashboards page should be displayed to the user

-&gt; done: EvergreenJnr_Login.ThenEvergreenDashboardsPageShouldBeDisplayedToTheUser() (3.4s)

When User creates Self Service via API and open it

  --- table step argument ---

  | Name               | ServiceShortName | Enabled | AllowAnonymousUsers | ScopeName        | ObjectType  |

  | ssName_DAS_20073_1 | SN_20073_1  
</system-out>
    </testcase>
    <testcase classname="DashworksTestAutomationCore.SpecFlowTests.CreateSelfServiceMvp_36882Db7_Fbba_498B_Abd0_40A4A91Bda0FFeature" name="EvergreenJnr_AdminPage_CheckThatUserCantCreateSelfServiceWithNotAllowableCharactersInSelfServiceIdentifierTextField(appList: &quot;AppStatList_DAS19082_4C&quot;, selfServiceName: &quot;SSName_4C&quot;, selfServiceIdentifier: &quot;My**&amp;&quot;, exampleTags: [])" time="62.1440841">
      <system-out>Given User is logged in to the Evergreen

-&gt; done: EvergreenJnr_Login.GivenUserIsLoggedInToTheEvergreen() (0.4s)

Then Evergreen Dashboards page should be displayed to the user

-&gt; done: EvergreenJnr_Login.ThenEvergreenDashboardsPageShouldBeDisplayedToTheUser() (3.2s)

When User create static list with 'AppStatList_DAS19082_4C' name and 'Everyone' read access type on 'Applications' page with following items

  --- table step argument ---

  | ItemName |

  |          |

-&gt; done: EvergreenJnr_Lis
</system-out>
    </testcase>
    <testcase classname="DashworksTestAutomationCore.SpecFlowTests.EditSelfService_435A12A1_D4D2_4713_8Dd0_09Bce5Babb84Feature" name="EvergreenJnr_AdminPage_CheckThatUserCantUpdateSelfServiceWithMoreThanTenCharactersInSelfServiceIdentifierTextField(sSID: &quot;SI19082_6A&quot;, sSName: &quot;SSName_DAS19082_6A&quot;, userList: &quot;UserStatList_DAS19082_6A&quot;, selfServiceIdentifier: &quot;123qweTJ911&quot;, selfServiceIdentifierAfterCut: &quot;123qweTJ91&quot;, exampleTags: [])" time="84.4256891">
      <system-out>Given User is logged in to the Evergreen

-&gt; done: EvergreenJnr_Login.GivenUserIsLoggedInToTheEvergreen() (0.4s)

Then Evergreen Dashboards page should be displayed to the user

-&gt; done: EvergreenJnr_Login.ThenEvergreenDashboardsPageShouldBeDisplayedToTheUser() (3.4s)

When User create static list with 'UserStatList_DAS19082_6A' name and 'Everyone' read access type on 'Applications' page with following items

  --- table step argument ---

  | ItemName |

  |          |

-&gt; done: EvergreenJnr_Li
</system-out>
    </testcase>
    <testcase classname="DashworksTestAutomationCore.SpecFlowTests.EndUserUrlErrors_F9595E9D_094E_402B_Abed_Bd9C43E12F6BFeature" name="EvergreenJnr_AdminPage_CheckEnduserErrorMessageHandlingForSSWithAllApplicationsScope(iterator: &quot;5&quot;, sSName: &quot;SSName_DAS_21385_1_E&quot;, serviceIdentifier: &quot;21385_1_SE&quot;, enabled: &quot;true&quot;, sSID: &quot;XXXXX&quot;, gUID: &quot;VALID&quot;, pageID: &quot;XXXXX&quot;, errorMessage: &quot;This is not a valid self service&quot;, exampleTags: [])" time="110.509596">
      <system-out>Given User is logged in to the Evergreen

-&gt; done: EvergreenJnr_Login.GivenUserIsLoggedInToTheEvergreen() (13.7s)

Then Evergreen Dashboards page should be displayed to the user

-&gt; done: EvergreenJnr_Login.ThenEvergreenDashboardsPageShouldBeDisplayedToTheUser() (3.0s)

When User creates Self Service via API and open it

  --- table step argument ---

  | Name                 | ServiceShortName | Enabled | AllowAnonymousUsers | ScopeName        | ObjectType  |

  | SSName_DAS_21385_1_E | 21385_1
</system-out>
    </testcase>
    <testcase classname="DashworksTestAutomationCore.SpecFlowTests.EditSelfService_3D40Fa89_39D4_4804_9F64_E71A651Ecbb7Feature" name="EvergreenJnr_AdminPage_CheckThatWarningPopupAndCogMenuDisplayedAfterClickingOnCogMenuAndEditOptionForAnotherComponent" time="161.3852147">
      <system-out>Given User is logged in to the Evergreen

-&gt; done: EvergreenJnr_Login.GivenUserIsLoggedInToTheEvergreen() (0.4s)

Then Evergreen Dashboards page should be displayed to the user

-&gt; done: EvergreenJnr_Login.ThenEvergreenDashboardsPageShouldBeDisplayedToTheUser() (2.9s)

When Project created via API

  --- table step argument ---

  | ProjectName        | Scope     | ProjectTemplate | Mode               |

  | projName_DAS_21294 | All Users | None            | Standalone Project |

-&gt; done: Projec
</system-out>
    </testcase>
    <testcase classname="DashworksTestAutomationCore.SpecFlowTests.CreateSelfServiceMvp_C8855B6F_E80F_41C3_Ad3B_1A94F53205F5Feature" name="EvergreenJnr_AdminPage_CheckSelfServiceCreationWithListThatRefersToAnotherList(selfServiceName: &quot;SSName_DAS_23917_2&quot;, firstList: &quot;List_23917_A_2&quot;, secondList: &quot;List_23917_B_2&quot;, objectType: &quot;Users&quot;, selfServiceShortName: &quot;SN_23917_2&quot;, list: &quot;User&quot;, exampleTags: [])" time="128.8354075">
      <system-out>Given User is logged in to the Evergreen

-&gt; done: EvergreenJnr_Login.GivenUserIsLoggedInToTheEvergreen() (0.3s)

Then Evergreen Dashboards page should be displayed to the user

-&gt; done: EvergreenJnr_Login.ThenEvergreenDashboardsPageShouldBeDisplayedToTheUser() (3.2s)

When User creates dynamic list with 'List_23917_A_2' name and 'Everyone' read access type on 'Users' page

-&gt; done: EvergreenJnr_Lists.WhenUserCreatesDynamicListWithNameAndReadAccessTypeOnPage("List_23917_A_2", "Everyone", "Users"
</system-out>
    </testcase>
    <testcase classname="DashworksTestAutomationCore.SpecFlowTests.EditSelfService_751D6Ffa_49Ae_4746_A190_Ecd3939A891BFeature" name="EvergreenJnr_AdminPage_CheckThatUpdatedSelfServiceUrlPreviewConstructedProperly" time="2224.7202546">
      <system-out>Given User is logged in to the Evergreen

-&gt; done: EvergreenJnr_Login.GivenUserIsLoggedInToTheEvergreen() (0.3s)

Then Evergreen Dashboards page should be displayed to the user

-&gt; done: EvergreenJnr_Login.ThenEvergreenDashboardsPageShouldBeDisplayedToTheUser() (3.1s)

When User create static list with 'UserStatList_DAS19864_1' name and 'Everyone' read access type on 'Applications' page with following items

  --- table step argument ---

  | ItemName |

  |          |

-&gt; done: EvergreenJnr_Lis
</system-out>
    </testcase>
    <testcase classname="DashworksTestAutomationCore.SpecFlowTests.EndUserUrlErrors_Bb81F72D_Ae44_449C_B302_6F8491605832Feature" name="EvergreenJnr_AdminPage_ThisObjectCannotBeFoundErrorPageIsShownAfterChangingScopeOfTheSelfService(iterator: &quot;4&quot;, scopeBefore: &quot;All Applications&quot;, objectType: &quot;Application&quot;, scopeAfter: &quot;All Devices&quot;, objectGUID: &quot;D67165CB-1CD0-4846-8F45-39774B45A566&quot;, errorMessage: &quot;This device cannot be found&quot;, exampleTags: [])" time="0.001">
      <skipped/>
      <system-out>'EvergreenJnr_AdminPage_ThisObjectCannotBeFoundErrorPageIsShownAfterChangingScopeOfTheSelfService, 4' is skipped because of the linked bug
</system-out>
    </testcase>
    <testcase classname="DashworksTestAutomationCore.SpecFlowTests.AddDateTaskSelectTaskComponentInConcurrentSessionViaBuilder_F0E00D7C_2Ebd_4E58_A71C_518509964545Feature" name="EvergreenJnr_AdminPage_CheckThatProperErrorMessageDisplaysIfTheTaskWasUnpublishedDuringTaskComponentCreation(iterator: &quot;1&quot;, scope: &quot;All Devices&quot;, selfServiceName: &quot;ssName_22680_5&quot;, selfServiceShortName: &quot;22680_5&quot;, listType: &quot;Device&quot;, componentNameOnDialog: &quot;Date Task&quot;, objectType: &quot;Computer&quot;, valueType: &quot;Date&quot;, exampleTags: [])" time="121.0467399">
      <system-out>Given User is logged in to the Evergreen

-&gt; done: EvergreenJnr_Login.GivenUserIsLoggedInToTheEvergreen() (0.3s)

Then Evergreen Dashboards page should be displayed to the user

-&gt; done: EvergreenJnr_Login.ThenEvergreenDashboardsPageShouldBeDisplayedToTheUser() (3.4s)

When Project created via API

  --- table step argument ---

  | ProjectName            | Scope       | ProjectTemplate | Mode               |

  | ProjName_DAS_22680_5_1 | All Devices | None            | Standalone Project |

-&gt; 
</system-out>
    </testcase>
    <testcase classname="DashworksTestAutomationCore.SpecFlowTests.BrokenComponentsVerification_123F9Ac6_5692_4D14_92B8_60F2760686BdFeature" name="EvergreenJnr_AdminPage_CheckThatErrorMessageIsDisplayedInSSPageIfTaskHasBeenDeleted" time="116.4265034">
      <system-out>Given User is logged in to the Evergreen

-&gt; done: EvergreenJnr_Login.GivenUserIsLoggedInToTheEvergreen() (0.4s)

Then Evergreen Dashboards page should be displayed to the user

-&gt; done: EvergreenJnr_Login.ThenEvergreenDashboardsPageShouldBeDisplayedToTheUser() (3.2s)

When Project created via API and opened

  --- table step argument ---

  | ProjectName       | Scope       | ProjectTemplate | Mode               |

  | DAS22588Project-2 | All Devices | None            | Standalone Project |

-&gt;
</system-out>
    </testcase>
    <testcase classname="DashworksTestAutomationCore.SpecFlowTests.CreateSelfServiceMvp_7A86A70D_E983_448C_B09A_9F16E33Ad873Feature" name="EvergreenJnr_AdminPage_CheckThatUserIsAbleToEditTheNamesInEditMode" time="170.5524004">
      <system-out>Given User is logged in to the Evergreen

-&gt; done: EvergreenJnr_Login.GivenUserIsLoggedInToTheEvergreen() (0.3s)

Then Evergreen Dashboards page should be displayed to the user

-&gt; done: EvergreenJnr_Login.ThenEvergreenDashboardsPageShouldBeDisplayedToTheUser() (3.2s)

When User create static list with 'AppStatList_DAS19950_2' name and 'Everyone' read access type on 'Applications' page with following items

  --- table step argument ---

  | ItemName |

  |          |

-&gt; done: EvergreenJnr_List
</system-out>
    </testcase>
    <testcase classname="DashworksTestAutomationCore.SpecFlowTests.AddDateTaskSelectTaskComponentViaSelfServiceBuilder_868A1E21_2098_4E33_837D_008Eddc0Bd64Feature" name="EvergreenJnr_AdminPage_CreateEditTaskComponentValidation(selfServiceName: &quot;ssName_DAS_22996_1&quot;, selfServiceShortName: &quot;SN_22996_1&quot;, listType: &quot;Device&quot;, componentNameOnDialog: &quot;Date Task&quot;, subheaderOnCreatePage: &quot;Create Device Date Task Component&quot;, exampleTags: [])" time="260.8571817">
      <system-out>Given User is logged in to the Evergreen

-&gt; done: EvergreenJnr_Login.GivenUserIsLoggedInToTheEvergreen() (0.4s)

Then Evergreen Dashboards page should be displayed to the user

-&gt; done: EvergreenJnr_Login.ThenEvergreenDashboardsPageShouldBeDisplayedToTheUser() (3.1s)

When Project created via API

  --- table step argument ---

  | ProjectName                  | Scope       | ProjectTemplate | Mode               |

  | Devices_ProjName_DAS_22996_1 | All Devices | None            | Standalone Pr
</system-out>
    </testcase>
    <testcase classname="DashworksTestAutomationCore.SpecFlowTests.AddDateTaskSelectTaskComponentViaSelfServiceBuilder_28D8274D_0B4A_4Cee_A6Da_63360A8Dfd1CFeature" name="EvergreenJnr_AdminPage_CheckThatWarningPopupDisplaysWhenUserLeavesThePageWithoutSaving" time="281.7354585">
      <system-out>Given User is logged in to the Evergreen

-&gt; done: EvergreenJnr_Login.GivenUserIsLoggedInToTheEvergreen() (0.4s)

Then Evergreen Dashboards page should be displayed to the user

-&gt; done: EvergreenJnr_Login.ThenEvergreenDashboardsPageShouldBeDisplayedToTheUser() (3.2s)

When Project created via API

  --- table step argument ---

  | ProjectName        | Scope       | ProjectTemplate | Mode               |

  | 2_22800DAS_Project | All Devices | None            | Standalone Project |

-&gt; done: Pr
</system-out>
    </testcase>
    <testcase classname="DashworksTestAutomationCore.SpecFlowTests.SelfServicePages1_C80F1462_59Ea_4B92_97D3_0Ee90Da24093Feature" name="EvergreenJnr_AdminPage_UICheckingOfOrderWithinTheSelfServiceBuilderTranslationGridEndUserSide" time="297.0806078">
      <system-out>Given User is logged in to the Evergreen

-&gt; done: EvergreenJnr_Login.GivenUserIsLoggedInToTheEvergreen() (0.4s)

When Project created via API and opened

  --- table step argument ---

  | ProjectName        | Scope       | ProjectTemplate | Mode               |

  | 2_31665DAS_Project | All Devices | None            | Standalone Project |

-&gt; done: ProjectApiSteps.WhenUserCreateNewProjectViaApiAndOpened(&lt;table&gt;) (3.1s)

When User onboards objects to '2_31665DAS_Project' project

  --- table st
</system-out>
    </testcase>
    <testcase classname="DashworksTestAutomationCore.SpecFlowTests.CreateSelfServiceMvp_Ff865A64_C91C_405F_Bf76_62923A40317CFeature" name="EvergreenJnr_AdminPage_CheckThatTwoPagesWillBeCreatedByDefaultWhenNewSelfServiceIsCreated" time="122.3869042">
      <system-out>Given User is logged in to the Evergreen

-&gt; done: EvergreenJnr_Login.GivenUserIsLoggedInToTheEvergreen() (0.4s)

Then Evergreen Dashboards page should be displayed to the user

-&gt; done: EvergreenJnr_Login.ThenEvergreenDashboardsPageShouldBeDisplayedToTheUser() (3.4s)

When User create static list with 'AppStatList_DAS19950_1' name and 'Everyone' read access type on 'Applications' page with following items

  --- table step argument ---

  | ItemName |

  |          |

-&gt; done: EvergreenJnr_List
</system-out>
    </testcase>
    <testcase classname="DashworksTestAutomationCore.SpecFlowTests.CreateSelfServiceMvp_68E62893_D170_4C99_93De_00D8Fd28A96EFeature" name="EvergreenJnr_AdminPage_CheckValidationMessageWithListWithMeAndTeamValueOnDetailsPage(iterator: &quot;3&quot;, filter: &quot;ComputerSc: Group Stage \\ Group User Radio ag Dat&quot;..., value: &quot;Me&quot;, objectType: &quot;Users&quot;, selfSeviceScope: &quot;All Users&quot;, sSObjectType: &quot;User&quot;, exampleTags: [])" time="119.9058722">
      <system-out>Given User is logged in to the Evergreen

-&gt; done: EvergreenJnr_Login.GivenUserIsLoggedInToTheEvergreen() (0.3s)

Then Evergreen Dashboards page should be displayed to the user

-&gt; done: EvergreenJnr_Login.ThenEvergreenDashboardsPageShouldBeDisplayedToTheUser() (3.2s)

When User clicks 'Users' on the left-hand menu

-&gt; done: EvergreenJnr_LeftHandMenuNavigation.WhenUserClicksOnTheLeft_HandMenu("Users") (8.1s)

When User clicks the Columns button

-&gt; done: EvergreenJnr_BaseHeader.WhenUserClicksThe
</system-out>
    </testcase>
    <testcase classname="DashworksTestAutomationCore.SpecFlowTests.EndUserUrlErrors_D0D9F97C_9922_4094_8037_84725Ba4Dd6FFeature" name="EvergreenJnr_AdminPage_ThisObjectCannotBeFoundErrorPageIsShownAfterChangingScopeOfTheSelfService(iterator: &quot;11&quot;, scopeBefore: &quot;All Mailboxes&quot;, objectType: &quot;Mailbox&quot;, scopeAfter: &quot;All Applications&quot;, objectGUID: &quot;E34435D2-DC82-4EFB-8DB4-2491CDC7505A&quot;, errorMessage: &quot;This application cannot be found&quot;, exampleTags: [])" time="99.5996928">
      <system-out>Given User is logged in to the Evergreen

-&gt; done: EvergreenJnr_Login.GivenUserIsLoggedInToTheEvergreen() (0.4s)

Then Evergreen Dashboards page should be displayed to the user

-&gt; done: EvergreenJnr_Login.ThenEvergreenDashboardsPageShouldBeDisplayedToTheUser() (3.5s)

When User creates Self Service via API and open it

  --- table step argument ---

  | Name       | ServiceShortName | Enabled | AllowAnonymousUsers | ScopeName     | ObjectType |

  | 11_22965SS | 11_22965SN       | true    | tru
</system-out>
    </testcase>
    <testcase classname="DashworksTestAutomationCore.SpecFlowTests.CreateSelfServiceMvp_14797459_B2E0_42C4_8898_239D504Db927Feature" name="EvergreenJnr_AdminPage_CheckThatProperOptionsAreDisabledInCogMenuAndCreatePageButtonDoesntDisplay(iterator: &quot;1&quot;, objectType: &quot;Application&quot;, scope: &quot;Applications&quot;, exampleTags: [])" time="133.80821">
      <system-out>Given User is logged in to the Evergreen

-&gt; done: EvergreenJnr_Login.GivenUserIsLoggedInToTheEvergreen() (0.4s)

Then Evergreen Dashboards page should be displayed to the user

-&gt; done: EvergreenJnr_Login.ThenEvergreenDashboardsPageShouldBeDisplayedToTheUser() (3.3s)

When User create static list with 'ApplicationsStatList_DAS19950_3' name and 'Everyone' read access type on 'Applications' page with following items

  --- table step argument ---

  | ItemName |

  |          |

-&gt; done: Evergree
</system-out>
    </testcase>
    <testcase classname="DashworksTestAutomationCore.SpecFlowTests.CreateSelfServiceMvp_2Dd66899_3956_4301_8C8E_E13327Ff5299Feature" name="EvergreenJnr_AdminPage_CheckThatUserCantCreateSelfServiceWithDuplicatedName(selfServiceName: &quot;SSName_DAS_23088_5&quot;, selfServiceScope: &quot;All Mailboxes&quot;, selfServiceShortName: &quot;SN_23088_5&quot;, listPage: &quot;Mailboxes&quot;, objectType: &quot;Mailbox&quot;, exampleTags: [])" time="67.6850602">
      <system-out>Given User is logged in to the Evergreen

-&gt; done: EvergreenJnr_Login.GivenUserIsLoggedInToTheEvergreen() (1.1s)

Then Evergreen Dashboards page should be displayed to the user

-&gt; done: EvergreenJnr_Login.ThenEvergreenDashboardsPageShouldBeDisplayedToTheUser() (3.3s)

When User creates Self Service via API

  --- table step argument ---

  | Name               | ServiceShortName | Enabled | AllowAnonymousUsers | ScopeName     | ObjectType |

  | SSName_DAS_23088_5 | SN_23088_5       | true    |
</system-out>
    </testcase>
    <testcase classname="DashworksTestAutomationCore.SpecFlowTests.CreateSelfServiceMvp_61E56Af1_09Aa_44B1_A693_1Abf1Ed043C1Feature" name="EvergreenJnr_AdminPage_CheckThatUserCantCreateSelfServiceWithoutName(selfServiceScope: &quot;All Devices&quot;, selfServiceShortName: &quot;SN_21214_1&quot;, exampleTags: [])" time="41.8379454">
      <system-out>Given User is logged in to the Evergreen

-&gt; done: EvergreenJnr_Login.GivenUserIsLoggedInToTheEvergreen() (0.8s)

Then Evergreen Dashboards page should be displayed to the user

-&gt; done: EvergreenJnr_Login.ThenEvergreenDashboardsPageShouldBeDisplayedToTheUser() (3.5s)

When User clicks 'Admin' on the left-hand menu

-&gt; done: EvergreenJnr_LeftHandMenuNavigation.WhenUserClicksOnTheLeft_HandMenu("Admin") (6.0s)

When User navigates to the 'Self Services' parent left menu item

-&gt; done: EvergreenJnr
</system-out>
    </testcase>
    <testcase classname="DashworksTestAutomationCore.SpecFlowTests.SelfServicePages4_3E057D6F_4335_454A_B44E_0A6784E6F724Feature" name="EvergreenJnr_AdminPage_CheckThatPageNameDuplicationsAreNotAllowed(iterator: &quot;2&quot;, scopeName: &quot;All Users&quot;, objectType: &quot;User&quot;, exampleTags: [])" time="61.5277036">
      <system-out>Given User is logged in to the Evergreen

-&gt; done: EvergreenJnr_Login.GivenUserIsLoggedInToTheEvergreen() (0.4s)

When User creates Self Service via API and open it

  --- table step argument ---

  | Name                   | ServiceShortName | Enabled | AllowAnonymousUsers | ScopeName | ObjectType |

  | 2_32171DAS_SelfService | 32171SS2         | true    | true                | All Users | User       |

-&gt; done: CreateSelfService.WhenUserCreatesSelfServiceViaAPIAndOpenIt(&lt;table&gt;) (7.7s)

When 
</system-out>
    </testcase>
    <testcase classname="DashworksTestAutomationCore.SpecFlowTests.EditSelfService_3D04307C_E315_4F18_B8E6_F7Dac900E42FFeature" name="EvergreenJnr_AdminPage_CheckThatUserCantUpdateSelfServiceWithMoreThanTenCharactersInSelfServiceIdentifierTextField(sSID: &quot;SI19082_6C&quot;, sSName: &quot;SSName_DAS19082_6C&quot;, userList: &quot;UserStatList_DAS19082_6C&quot;, selfServiceIdentifier: &quot;1234567890WIEOEOEPEP1111212123424334324234234&quot;, selfServiceIdentifierAfterCut: &quot;1234567890&quot;, exampleTags: [])" time="85.7421871">
      <system-out>Given User is logged in to the Evergreen

-&gt; done: EvergreenJnr_Login.GivenUserIsLoggedInToTheEvergreen() (0.4s)

Then Evergreen Dashboards page should be displayed to the user

-&gt; done: EvergreenJnr_Login.ThenEvergreenDashboardsPageShouldBeDisplayedToTheUser() (3.0s)

When User create static list with 'UserStatList_DAS19082_6C' name and 'Everyone' read access type on 'Applications' page with following items

  --- table step argument ---

  | ItemName |

  |          |

-&gt; done: EvergreenJnr_Li
</system-out>
    </testcase>
    <testcase classname="DashworksTestAutomationCore.SpecFlowTests.GeneralEndUser4_1724998D_5183_4Cbf_8Aa1_201Fd3C0Dba9Feature" name="EvergreenJnr_AdminPage_CheckThatProperErrorMessageDisplaysOnEndUserPageIfSSBasedOnBrokenList(n: &quot;_3&quot;, dAS: &quot;_DAS_23529&quot;, projectName: &quot;Devices_ProjName&quot;, selfServiceName: &quot;ssName&quot;, selfServiceShortName: &quot;S23529&quot;, listType: &quot;Mailbox&quot;, listName: &quot;ListNamePublic&quot;, pageName: &quot;Mailboxes&quot;, exampleTags: [])" time="12.1148495">
      <failure message="TechTalk.SpecFlow.xUnit.SpecFlowPlugin.XUnitPendingStepException : Test pending: No matching step definition found for one or more steps.&#10;&#10;using System;&#10;&#10;using TechTalk.SpecFlow;&#10;&#10;&#10;&#10;namespace MyNamespace&#10;&#10;{&#10;&#10;    [Binding]&#10;&#10;    public class StepDefinitions&#10;&#10;    {&#10;&#10;        private readonly ScenarioContext _scenarioContext;&#10;&#10;&#10;&#10;        public StepDefinitions(ScenarioContext scenarioContext)&#10;&#10;        {&#10;&#10;            _scenarioContext = scenarioContext;&#10;&#10;        }&#10;&#10;        [When(@&quot;User creates broken list with '(.*)' name and '(.*)' access type on '(.*)' page&quot;)]&#10;&#10;        public void WhenUserCreatesBrokenListWithNameAndAccessTypeOnPage(string p0, string p1, string mailboxes2)&#10;&#10;        {&#10;&#10;            _scenarioContext.Pending();&#10;&#10;        }&#10;&#10;    }&#10;&#10;}&#10;&#10;">   at TechTalk.SpecFlow.xUnit.SpecFlowPlugin.XUnitRuntimeProvider.TestPending(String message)

   at TechTalk.SpecFlow.ErrorHandling.ErrorProvider.ThrowPendingError(ScenarioExecutionStatus testStatus, String message)

   at TechTalk.SpecFlow.Infrastructure.TestExecutionEngine.OnAfterLastStep()

   at DashworksTestAutomationCore.SpecFlowTests.GeneralEndUser4_1724998D_5183_4Cbf_8Aa1_201Fd3C0Dba9Feature.ScenarioCleanup()

   at DashworksTestAutomationCore.SpecFlowTests.GeneralEndUser4_1724998D_5183</failure>
      <system-out>Given User is logged in to the Evergreen

-&gt; done: EvergreenJnr_Login.GivenUserIsLoggedInToTheEvergreen() (0.4s)

Then Evergreen Dashboards page should be displayed to the user

-&gt; done: EvergreenJnr_Login.ThenEvergreenDashboardsPageShouldBeDisplayedToTheUser() (3.4s)

When User creates broken list with 'ListNamePublic_DAS_23529_3' name and 'Everyone can see' access type on 'Mailboxes' page

-&gt; No matching step definition found for the step. Use the following code to create one:

        [When(@
</system-out>
    </testcase>
    <testcase classname="DashworksTestAutomationCore.SpecFlowTests.OutsideUsage_A98C7877_C655_48D9_Af76_438F41251A6EFeature" name="EvergreenJnr_AdminPage_CheckSelfServiceStatusesWithoutMakingChanges" time="143.0052053">
      <system-out>Given User is logged in to the Evergreen

-&gt; done: EvergreenJnr_Login.GivenUserIsLoggedInToTheEvergreen() (0.4s)

Then Evergreen Dashboards page should be displayed to the user

-&gt; done: EvergreenJnr_Login.ThenEvergreenDashboardsPageShouldBeDisplayedToTheUser() (3.4s)

When Project created via API and opened

  --- table step argument ---

  | ProjectName | Scope     | ProjectTemplate | Mode               |

  | 21222_Proj  | All Users | None            | Standalone Project |

-&gt; done: ProjectAp
</system-out>
    </testcase>
    <testcase classname="DashworksTestAutomationCore.SpecFlowTests.CreateSelfServiceMvp_Ad22F05D_B2B6_4E79_B5Af_F74D3Dfc44F3Feature" name="EvergreenJnr_AdminPage_CheckThatUserCantCreateSelfServiceWithNotAllowableCharactersInSelfServiceIdentifierTextField(appList: &quot;AppStatList_DAS19082_4B&quot;, selfServiceName: &quot;SSName_4B&quot;, selfServiceIdentifier: &quot;123 QWE789&quot;, exampleTags: [])" time="59.6845222">
      <system-out>Given User is logged in to the Evergreen

-&gt; done: EvergreenJnr_Login.GivenUserIsLoggedInToTheEvergreen() (0.3s)

Then Evergreen Dashboards page should be displayed to the user

-&gt; done: EvergreenJnr_Login.ThenEvergreenDashboardsPageShouldBeDisplayedToTheUser() (2.6s)

When User create static list with 'AppStatList_DAS19082_4B' name and 'Everyone' read access type on 'Applications' page with following items

  --- table step argument ---

  | ItemName |

  |          |

-&gt; done: EvergreenJnr_Lis
</system-out>
    </testcase>
    <testcase classname="DashworksTestAutomationCore.SpecFlowTests.LastPageMVP_A8D308Fc_2B8F_4D40_8Bf2_D7D206A0Cc92Feature" name="EvergreenJnr_AdminPage_CheckThatEndUserPageDisplayedCorrectly" time="71.6723575">
      <system-out>Given User is logged in to the Evergreen

-&gt; done: EvergreenJnr_Login.GivenUserIsLoggedInToTheEvergreen() (0.4s)

Then Evergreen Dashboards page should be displayed to the user

-&gt; done: EvergreenJnr_Login.ThenEvergreenDashboardsPageShouldBeDisplayedToTheUser() (3.4s)

When User create static list with 'DAS_20291' name and 'Everyone' read access type on 'Applications' page with following items

  --- table step argument ---

  | ItemName   |

  | VSCmdShell |

-&gt; done: EvergreenJnr_Lists.WhenUse
</system-out>
    </testcase>
    <testcase classname="DashworksTestAutomationCore.SpecFlowTests.SelfServiceAgGrid_B25Fe555_E5C4_421F_Aa6C_4Bb9D69Cb4C6Feature" name="EvergreenJnr_AdminPage_CheckGeneralViewOfSelfServiceAgGrid" time="58.8860276">
      <system-out>Given User is logged in to the Evergreen

-&gt; done: EvergreenJnr_Login.GivenUserIsLoggedInToTheEvergreen() (0.4s)

Then Evergreen Dashboards page should be displayed to the user

-&gt; done: EvergreenJnr_Login.ThenEvergreenDashboardsPageShouldBeDisplayedToTheUser() (3.2s)

When User creates Self Service via API

  --- table step argument ---

  | Name               | ServiceShortName | Enabled | AllowAnonymousUsers | ScopeName        | ObjectType  |

  | ssName_DAS19392_1A | SA_19392_1       | true 
</system-out>
    </testcase>
    <testcase classname="DashworksTestAutomationCore.SpecFlowTests.SelfServiceAgGrid_505Efb5C_9433_4Dc5_Ac13_E0322Af0B085Feature" name="EvergreenJnr_AdminPage_CheckThatScopeValuesInScopeColumnAreClicableAndDisplaysAsALinkIfAllApplicationsListWasUsedForCreatedSS" time="72.8475598">
      <system-out>Given User is logged in to the Evergreen

-&gt; done: EvergreenJnr_Login.GivenUserIsLoggedInToTheEvergreen() (0.5s)

Then Evergreen Dashboards page should be displayed to the user

-&gt; done: EvergreenJnr_Login.ThenEvergreenDashboardsPageShouldBeDisplayedToTheUser() (3.7s)

When User creates Self Service via API and open it

  --- table step argument ---

  | Name              | ServiceShortName | Enabled | AllowAnonymousUsers | ScopeName        | ObjectType  |

  | ssName_DAS21084_2 | SI_21084_2    
</system-out>
    </testcase>
    <testcase classname="DashworksTestAutomationCore.SpecFlowTests.EndUserUrlErrors_084A9248_D12B_4Bbe_B8Db_Ad10C71B1A11Feature" name="EvergreenJnr_AdminPage_CheckEnduserErrorMessageHandlingForSSWithAllDevicesScope(iterator: &quot;13&quot;, sSName: &quot;SSName_DAS_21385_2_M&quot;, serviceIdentifier: &quot;21385_2_SM&quot;, enabled: &quot;false&quot;, sSID: &quot;VALID&quot;, gUID: &quot;XXXXX&quot;, pageID: &quot;XXXXX&quot;, errorMessage: &quot;Self service is not enabled&quot;, exampleTags: [])" time="23.7661054">
      <system-out>Given User is logged in to the Evergreen

-&gt; done: EvergreenJnr_Login.GivenUserIsLoggedInToTheEvergreen() (0.4s)

Then Evergreen Dashboards page should be displayed to the user

-&gt; done: EvergreenJnr_Login.ThenEvergreenDashboardsPageShouldBeDisplayedToTheUser() (2.7s)

When User creates Self Service via API and open it

  --- table step argument ---

  | Name                 | ServiceShortName | Enabled | AllowAnonymousUsers | ScopeName        | ObjectType  |

  | SSName_DAS_21385_2_M | 21385_2_
</system-out>
    </testcase>
    <testcase classname="DashworksTestAutomationCore.SpecFlowTests.EditSelfService_3Aba98F2_9Bc1_47D3_91Fd_Dde5E9C32B5FFeature" name="EvergreenJnr_AdminPage_CheckThatUserCantUpdateSelfServiceWithNotAllowableCharactersInSelfServiceIdentifierTextField(sSID: &quot;SI19082_5C&quot;, sSName: &quot;SSName_DAS19082_5C&quot;, newSSID: &quot;My**&amp;&quot;, newSSName: &quot;NewSSName_DAS_19082_5C&quot;, exampleTags: [])" time="76.5598584">
      <system-out>Given User is logged in to the Evergreen

-&gt; done: EvergreenJnr_Login.GivenUserIsLoggedInToTheEvergreen() (0.4s)

Then Evergreen Dashboards page should be displayed to the user

-&gt; done: EvergreenJnr_Login.ThenEvergreenDashboardsPageShouldBeDisplayedToTheUser() (3.2s)

When User creates Self Service via API

  --- table step argument ---

  | Name               | ServiceShortName | Enabled | AllowAnonymousUsers | ScopeName        | ObjectType  |

  | SSName_DAS19082_5C | SI19082_5C       | true 
</system-out>
    </testcase>
    <testcase classname="DashworksTestAutomationCore.SpecFlowTests.EditSelfService_Df242Cb8_F2F9_48E9_A309_Dbf18B801218Feature" name="EvergreenJnr_AdminPage_CheckThatProperNotificationAndLinkInItAreDisplayedWhenUserUpadatesSelfService" time="88.5659204">
      <system-out>Given User is logged in to the Evergreen

-&gt; done: EvergreenJnr_Login.GivenUserIsLoggedInToTheEvergreen() (0.4s)

Then Evergreen Dashboards page should be displayed to the user

-&gt; done: EvergreenJnr_Login.ThenEvergreenDashboardsPageShouldBeDisplayedToTheUser() (3.5s)

When User create static list with 'UserStatList_DAS19289_1' name and 'Everyone' read access type on 'Applications' page with following items

  --- table step argument ---

  | ItemName |

  |          |

-&gt; done: EvergreenJnr_Lis
</system-out>
    </testcase>
    <testcase classname="DashworksTestAutomationCore.SpecFlowTests.AddDateTaskSelectTaskComponentInConcurrentSessionViaBuilder_7Ef5D650_1Be7_49D2_8F86_F16801E3AcfbFeature" name="EvergreenJnr_AdminPage_CheckThatProperErrorMessageDisplaysIfProjectWasDeletedDuringTaskComponentCreation(iterator: &quot;1&quot;, scope: &quot;All Devices&quot;, selfServiceName: &quot;ssName_22680_1&quot;, selfServiceShortName: &quot;22680_1&quot;, listType: &quot;Device&quot;, componentNameOnDialog: &quot;Date Task&quot;, objectType: &quot;Computer&quot;, valueType: &quot;Date&quot;, exampleTags: [])" time="118.9430613">
      <system-out>Given User is logged in to the Evergreen

-&gt; done: EvergreenJnr_Login.GivenUserIsLoggedInToTheEvergreen() (0.6s)

Then Evergreen Dashboards page should be displayed to the user

-&gt; done: EvergreenJnr_Login.ThenEvergreenDashboardsPageShouldBeDisplayedToTheUser() (2.9s)

When Project created via API

  --- table step argument ---

  | ProjectName           | Scope       | ProjectTemplate | Mode               |

  | Project_DAS_22680_1_1 | All Devices | None            | Standalone Project |

-&gt; do
</system-out>
    </testcase>
    <testcase classname="DashworksTestAutomationCore.SpecFlowTests.EditSelfService_F5051E28_2D07_44E5_B493_1563645E1025Feature" name="EvergreenJnr_AdminPage_CheckThatCreatedSelfServiceIsMatchedToTheOpenedOneAndUserIsAbleToEditIt(selfServiceName: &quot;ssName_DAS_23089_1&quot;, selfServiceScope: &quot;DevStatList_DAS_23089_1&quot;, listPage: &quot;Mailboxes&quot;, selfServiceShortName: &quot;S_23089_1&quot;, selfServiceNameEdited: &quot;ssName_DAS_23089_1_Edited&quot;, objectType: &quot;Mailbox&quot;, exampleTags: [])" time="84.4856772">
      <system-out>Given User is logged in to the Evergreen

-&gt; done: EvergreenJnr_Login.GivenUserIsLoggedInToTheEvergreen() (0.4s)

Then Evergreen Dashboards page should be displayed to the user

-&gt; done: EvergreenJnr_Login.ThenEvergreenDashboardsPageShouldBeDisplayedToTheUser() (3.1s)

When User create static list with 'DevStatList_DAS_23089_1' name and 'Everyone' read access type on 'Mailboxes' page with following items

  --- table step argument ---

  | ItemName |

  |          |

-&gt; done: EvergreenJnr_Lists.
</system-out>
    </testcase>
    <testcase classname="DashworksTestAutomationCore.SpecFlowTests.EndUserUrlErrors_9C94Ef90_0E78_42F2_Ab30_A79D2Da2F086Feature" name="EvergreenJnr_AdminPage_CheckEnduserErrorMessageHandlingForSSWithAllApplicationsScope(iterator: &quot;6&quot;, sSName: &quot;SSName_DAS_21385_1_F&quot;, serviceIdentifier: &quot;21385_1_SF&quot;, enabled: &quot;true&quot;, sSID: &quot;VALID&quot;, gUID: &quot;XXXXX&quot;, pageID: &quot;XXXXX&quot;, errorMessage: &quot;This application cannot be found&quot;, exampleTags: [])" time="108.0901451">
      <system-out>Given User is logged in to the Evergreen

-&gt; done: EvergreenJnr_Login.GivenUserIsLoggedInToTheEvergreen() (1.3s)

Then Evergreen Dashboards page should be displayed to the user

-&gt; done: EvergreenJnr_Login.ThenEvergreenDashboardsPageShouldBeDisplayedToTheUser() (3.0s)

When User creates Self Service via API and open it

  --- table step argument ---

  | Name                 | ServiceShortName | Enabled | AllowAnonymousUsers | ScopeName        | ObjectType  |

  | SSName_DAS_21385_1_F | 21385_1_
</system-out>
    </testcase>
    <testcase classname="DashworksTestAutomationCore.SpecFlowTests.EndUserUrlErrors_C4E94Ac0_A325_4E48_9160_E3Ee528B85D1Feature" name="EvergreenJnr_AdminPage_CheckEnduserErrorMessageHandlingForSSWithAllApplicationsScope(iterator: &quot;14&quot;, sSName: &quot;SSName_DAS_21385_1_N&quot;, serviceIdentifier: &quot;21385_1_SN&quot;, enabled: &quot;false&quot;, sSID: &quot;XXXXX&quot;, gUID: &quot;XXXXX&quot;, pageID: &quot;XXXXX&quot;, errorMessage: &quot;This is not a valid self service&quot;, exampleTags: [])" time="27.7945394">
      <system-out>Given User is logged in to the Evergreen

-&gt; done: EvergreenJnr_Login.GivenUserIsLoggedInToTheEvergreen() (0.4s)

Then Evergreen Dashboards page should be displayed to the user

-&gt; done: EvergreenJnr_Login.ThenEvergreenDashboardsPageShouldBeDisplayedToTheUser() (3.4s)

When User creates Self Service via API and open it

  --- table step argument ---

  | Name                 | ServiceShortName | Enabled | AllowAnonymousUsers | ScopeName        | ObjectType  |

  | SSName_DAS_21385_1_N | 21385_1_
</system-out>
    </testcase>
    <testcase classname="DashworksTestAutomationCore.SpecFlowTests.AddDateTaskSelectTaskComponentInConcurrentSessionViaBuilder_5Bf6Fd88_9C15_4Dc8_Ad07_60E87Eb9718CFeature" name="EvergreenJnr_AdminPage_CheckThatProperErrorMessageDisplaysIfProjectWasDeletedDuringTaskComponentCreation(iterator: &quot;2&quot;, scope: &quot;All Mailboxes&quot;, selfServiceName: &quot;ssName_22680_1&quot;, selfServiceShortName: &quot;22680_1&quot;, listType: &quot;Mailbox&quot;, componentNameOnDialog: &quot;Date Task&quot;, objectType: &quot;Mailbox&quot;, valueType: &quot;Date&quot;, exampleTags: [])" time="119.0390161">
      <system-out>Given User is logged in to the Evergreen

-&gt; done: EvergreenJnr_Login.GivenUserIsLoggedInToTheEvergreen() (0.8s)

Then Evergreen Dashboards page should be displayed to the user

-&gt; done: EvergreenJnr_Login.ThenEvergreenDashboardsPageShouldBeDisplayedToTheUser() (3.2s)

When Project created via API

  --- table step argument ---

  | ProjectName           | Scope         | ProjectTemplate | Mode               |

  | Project_DAS_22680_1_2 | All Mailboxes | None            | Standalone Project |

-
</system-out>
    </testcase>
    <testcase classname="DashworksTestAutomationCore.SpecFlowTests.CreateSelfServiceMvp_4F8C50B8_6C49_4E03_9929_6C4Af22A3385Feature" name="EvergreenJnr_AdminPage_CheckThatProperInlineErrorBannerDispaysWhenSelfServiceAlreadyExistsWithTheSameSelfServiceShortName(selfServiceName: &quot;SSName_DAS_21197_1&quot;, selfServiceScope: &quot;DAS_21197_AppList_1&quot;, listPage: &quot;Applications&quot;, selfServiceShortName: &quot;SN_21197_1&quot;, selfServiceNameTwo: &quot;SSName_DAS_21197_1T&quot;, selfServiceScopeTwo: &quot;DAS_21197_AppList_1T&quot;, objectType: &quot;Application&quot;, exampleTags: [])" time="72.5413156">
      <system-out>Given User is logged in to the Evergreen

-&gt; done: EvergreenJnr_Login.GivenUserIsLoggedInToTheEvergreen() (0.3s)

Then Evergreen Dashboards page should be displayed to the user

-&gt; done: EvergreenJnr_Login.ThenEvergreenDashboardsPageShouldBeDisplayedToTheUser() (2.7s)

When User create static list with 'DAS_21197_AppList_1' name and 'Everyone' read access type on 'Applications' page with following items

  --- table step argument ---

  | ItemName |

  |          |

-&gt; done: EvergreenJnr_Lists.W
</system-out>
    </testcase>
[...]

  | ProjectName      | Scope     | ProjectTemplate | Mode               |

  | DAS_22846_Proj_1 | All Users | None            | Standalone Project |

-&gt; done:
</system-out>
    </testcase>
    <testcase classname="DashworksTestAutomationCore.SpecFlowTests.EditSelfService_E0A2A98C_5D66_4C16_Bd97_4330F42Dc969Feature" name="EvergreenJnr_AdminPage_CheckThatUserAbleToChageSSSCopeToAllDevicesIfItWasBasedOnAppListAndHasAOC(selfServiceName: &quot;SSName_DAS_21215_2&quot;, selfServiceScope: &quot;DAS_21215_AppList_2&quot;, listPage: &quot;Applications&quot;, selfServiceShortName: &quot;SN_21215_2&quot;, objectType: &quot;Application&quot;, exampleTags: [])" time="131.5127372">
      <system-out>Given User is logged in to the Evergreen

-&gt; done: EvergreenJnr_Login.GivenUserIsLoggedInToTheEvergreen() (13.5s)

Then Evergreen Dashboards page should be displayed to the user

-&gt; done: EvergreenJnr_Login.ThenEvergreenDashboardsPageShouldBeDisplayedToTheUser() (3.0s)

When User create static list with 'DAS_21215_AppList_2' name and 'Everyone' read access type on 'Applications' page with following items

  --- table step argument ---

  | ItemName |

  |          |

-&gt; done: EvergreenJnr_Lists.
</system-out>
    </testcase>
    <testcase classname="DashworksTestAutomationCore.SpecFlowTests.CreateSelfServiceMvp_Ad6E751B_C790_4B4E_8Bfb_F5B04Cf8D3C1Feature" name="EvergreenJnr_AdminPage_CheckThatProperOptionsAreDisabledInCogMenuAndCreatePageButtonDoesntDisplay(iterator: &quot;2&quot;, objectType: &quot;Device&quot;, scope: &quot;Devices&quot;, exampleTags: [])" time="133.8523866">
      <system-out>Given User is logged in to the Evergreen

-&gt; done: EvergreenJnr_Login.GivenUserIsLoggedInToTheEvergreen() (0.3s)

Then Evergreen Dashboards page should be displayed to the user

-&gt; done: EvergreenJnr_Login.ThenEvergreenDashboardsPageShouldBeDisplayedToTheUser() (3.2s)

When User create static list with 'DevicesStatList_DAS19950_3' name and 'Everyone' read access type on 'Devices' page with following items

  --- table step argument ---

  | ItemName |

  |          |

-&gt; done: EvergreenJnr_Lists
</system-out>
    </testcase>
    <testcase classname="DashworksTestAutomationCore.SpecFlowTests.EditSelfService_5E3Da155_558D_4915_9Fda_31756D5B81F1Feature" name="EvergreenJnr_AdminPage_CheckThatCreatedSelfServiceIsMatchedToTheOpenedOneAndUserIsAbleToEditIt(selfServiceName: &quot;ssName_DAS_18214_1&quot;, selfServiceScope: &quot;AppStatList_DAS_18214_1&quot;, listPage: &quot;Applications&quot;, selfServiceShortName: &quot;SN_18214_1&quot;, selfServiceNameEdited: &quot;ssName_DAS_18214_1_Edited&quot;, objectType: &quot;Application&quot;, exampleTags: [])" time="81.8257299">
      <system-out>Given User is logged in to the Evergreen

-&gt; done: EvergreenJnr_Login.GivenUserIsLoggedInToTheEvergreen() (0.3s)

Then Evergreen Dashboards page should be displayed to the user

-&gt; done: EvergreenJnr_Login.ThenEvergreenDashboardsPageShouldBeDisplayedToTheUser() (3.3s)

When User create static list with 'AppStatList_DAS_18214_1' name and 'Everyone' read access type on 'Applications' page with following items

  --- table step argument ---

  | ItemName |

  |          |

-&gt; done: EvergreenJnr_Lis
</system-out>
    </testcase>
    <testcase classname="DashworksTestAutomationCore.SpecFlowTests.SelfServiceNavigation_A1A85Beb_1463_40Dc_Bfb0_99219D1Cfb94Feature" name="EvergreenJnr_AdminPage_SelfServices_CheckNavigationWithUrlThroughSelfServicesWithUrlsAndHeaders(iterator: &quot;1&quot;, urlToNavigate: &quot;admin/selfservice/1&quot;, expectedUrl: &quot;evergreen/#/admin/selfservice/1/details&quot;, expectedSubheader: &quot;Self Service Details&quot;, exampleTags: [])" time="16.2542262">
      <system-out>Given User is logged in to the Evergreen

-&gt; done: EvergreenJnr_Login.GivenUserIsLoggedInToTheEvergreen() (0.4s)

When User navigates to 'admin/selfservice/1' url via address line

-&gt; done: BaseActions.ThenUserNavigatesToTheSpecificUrlViaAddressLine("admin/selfservice/1") (4.1s)

Then URL is 'evergreen/#/admin/selfservice/1/details'

-&gt; done: BaseActions.ThenURLIs("evergreen/#/admin...") (0.0s)

Then Page with 'Self Service Details' subheader is displayed to user

-&gt; done: EvergreenJnr_BasePage.
</system-out>
    </testcase>
    <testcase classname="DashworksTestAutomationCore.SpecFlowTests.EditSelfService_7Cb89F94_704F_4151_80Cd_Ab09Eb217570Feature" name="EvergreenJnr_AdminPage_CheckThatProperNitificationAndButtonsOnItWillBeDisplayedWhenUserIsAboutToDeleteSelfService" time="57.0751495">
      <system-out>Given User is logged in to the Evergreen

-&gt; done: EvergreenJnr_Login.GivenUserIsLoggedInToTheEvergreen() (0.3s)

Then Evergreen Dashboards page should be displayed to the user

-&gt; done: EvergreenJnr_Login.ThenEvergreenDashboardsPageShouldBeDisplayedToTheUser() (3.2s)

When User create static list with 'UserStatList_DAS19280_4' name and 'Everyone' read access type on 'Applications' page with following items

  --- table step argument ---

  | ItemName |

  |          |

-&gt; done: EvergreenJnr_Lis
</system-out>
    </testcase>
    <testcase classname="DashworksTestAutomationCore.SpecFlowTests.CreateSelfServiceMvp_1B871Efa_47C5_4188_9327_91De1Ca50264Feature" name="EvergreenJnr_AdminPage_CheckThatTwoPagesAndOneTextCompCreatesByDefaultInNewlyCreatedSS(selfServiceName: &quot;SSName_DAS_21214_9&quot;, selfServiceScope: &quot;DAS_21214_AppList_9&quot;, listPage: &quot;Applications&quot;, selfServiceShortName: &quot;SN_21214_9&quot;, objectType: &quot;Application&quot;, exampleTags: [])" time="68.7280918">
      <system-out>Given User is logged in to the Evergreen

-&gt; done: EvergreenJnr_Login.GivenUserIsLoggedInToTheEvergreen() (0.4s)

Then Evergreen Dashboards page should be displayed to the user

-&gt; done: EvergreenJnr_Login.ThenEvergreenDashboardsPageShouldBeDisplayedToTheUser() (3.4s)

When User create static list with 'DAS_21214_AppList_9' name and 'Everyone' read access type on 'Applications' page with following items

  --- table step argument ---

  | ItemName |

  |          |

-&gt; done: EvergreenJnr_Lists.W
</system-out>
    </testcase>
    <testcase classname="DashworksTestAutomationCore.SpecFlowTests.EndUserUrlErrors_40Fe4Efd_7C31_4837_Ac0F_6847114Fc8F0Feature" name="EvergreenJnr_AdminPage_CheckEnduserErrorMessageHandlingForSSWithAllApplicationsScope(iterator: &quot;4&quot;, sSName: &quot;SSName_DAS_21385_1_D&quot;, serviceIdentifier: &quot;21385_1_SD&quot;, enabled: &quot;true&quot;, sSID: &quot;XXXXX&quot;, gUID: &quot;XXXXX&quot;, pageID: &quot;VALID&quot;, errorMessage: &quot;This is not a valid self service&quot;, exampleTags: [])" time="25.4604569">
      <system-out>Given User is logged in to the Evergreen

-&gt; done: EvergreenJnr_Login.GivenUserIsLoggedInToTheEvergreen() (0.4s)

Then Evergreen Dashboards page should be displayed to the user

-&gt; done: EvergreenJnr_Login.ThenEvergreenDashboardsPageShouldBeDisplayedToTheUser() (2.9s)

When User creates Self Service via API and open it

  --- table step argument ---

  | Name                 | ServiceShortName | Enabled | AllowAnonymousUsers | ScopeName        | ObjectType  |

  | SSName_DAS_21385_1_D | 21385_1_
</system-out>
    </testcase>
    <testcase classname="DashworksTestAutomationCore.SpecFlowTests.SelfServiceBuilderContextPanelActions1_4873D32E_394B_46Ce_8906_Bc07D022F1B4Feature" name="EvergreenJnr_AdminPage_CheckMoveToPositionFunctionalityOfSelfServicesBuilderPage" time="80.3204709">
      <system-out>Given User is logged in to the Evergreen

-&gt; done: EvergreenJnr_Login.GivenUserIsLoggedInToTheEvergreen() (0.4s)

When User create static list with 'AppList_DAS_30478' name and 'Everyone' edit access type on 'Applications' page with following items

  --- table step argument ---

  | ItemName   |

  | VSCmdShell |

-&gt; done: EvergreenJnr_Lists.WhenUserCreateStaticListWithNameAndEditAccessTypeOnPageWithFollowingItems("AppList_DAS_30478", "Everyone", "Applications", &lt;table&gt;) (10.0s)

When User crea
</system-out>
    </testcase>
    <testcase classname="DashworksTestAutomationCore.SpecFlowTests.EditSelfService_7Cc43173_C2A0_47A5_A6F7_Bbda816276D1Feature" name="EvergreenJnr_AdminPage_CheckThatUserCantUpdateSelfServiceWithoutChanges(selfServiceName: &quot;ssName_DAS_23089_5&quot;, selfServiceScope: &quot;DevStatList_DAS_23089_5&quot;, listPage: &quot;Mailboxes&quot;, selfServiceShortName: &quot;SN_23089_5&quot;, objectType: &quot;Mailbox&quot;, exampleTags: [])" time="90.9150862">
      <system-out>Given User is logged in to the Evergreen

-&gt; done: EvergreenJnr_Login.GivenUserIsLoggedInToTheEvergreen() (0.4s)

Then Evergreen Dashboards page should be displayed to the user

-&gt; done: EvergreenJnr_Login.ThenEvergreenDashboardsPageShouldBeDisplayedToTheUser() (3.3s)

When User create static list with 'DevStatList_DAS_23089_5' name and 'Everyone' read access type on 'Mailboxes' page with following items

  --- table step argument ---

  | ItemName |

  |          |

-&gt; done: EvergreenJnr_Lists.
</system-out>
    </testcase>
    <testcase classname="DashworksTestAutomationCore.SpecFlowTests.CreateSelfServiceMvp_7407C797_6372_4295_Ac50_065Be0Bd32F7Feature" name="EvergreenJnr_AdminPage_CheckValidationMessageWithListWithMeAndTeamValueOnDetailsPage(iterator: &quot;1&quot;, filter: &quot;ComputerSc: One \\ Radio Rag Date App Req B (Owner&quot;..., value: &quot;Me&quot;, objectType: &quot;Applications&quot;, selfSeviceScope: &quot;All Applications&quot;, sSObjectType: &quot;Application&quot;, exampleTags: [])" time="118.4606291">
      <system-out>Given User is logged in to the Evergreen

-&gt; done: EvergreenJnr_Login.GivenUserIsLoggedInToTheEvergreen() (0.4s)

Then Evergreen Dashboards page should be displayed to the user

-&gt; done: EvergreenJnr_Login.ThenEvergreenDashboardsPageShouldBeDisplayedToTheUser() (2.8s)

When User clicks 'Applications' on the left-hand menu

-&gt; done: EvergreenJnr_LeftHandMenuNavigation.WhenUserClicksOnTheLeft_HandMenu("Applications") (7.5s)

When User clicks the Columns button

-&gt; done: EvergreenJnr_BaseHeader.Whe
</system-out>
    </testcase>
    <testcase classname="DashworksTestAutomationCore.SpecFlowTests.SelfServicePages4_085F06C6_Eb9B_43D1_A49C_Ab4A38714D7DFeature" name="EvergreenJnr_AdminPage_CheckThatPageNameDuplicationsAreNotAllowed(iterator: &quot;1&quot;, scopeName: &quot;All Devices&quot;, objectType: &quot;Device&quot;, exampleTags: [])" time="62.7024251">
      <system-out>Given User is logged in to the Evergreen

-&gt; done: EvergreenJnr_Login.GivenUserIsLoggedInToTheEvergreen() (0.4s)

When User creates Self Service via API and open it

  --- table step argument ---

  | Name                   | ServiceShortName | Enabled | AllowAnonymousUsers | ScopeName   | ObjectType |

  | 1_32171DAS_SelfService | 32171SS1         | true    | true                | All Devices | Device     |

-&gt; done: CreateSelfService.WhenUserCreatesSelfServiceViaAPIAndOpenIt(&lt;table&gt;) (6.8s)

W
</system-out>
    </testcase>
    <testcase classname="DashworksTestAutomationCore.SpecFlowTests.AddDateTaskSelectTaskComponentInConcurrentSessionViaBuilder_31C16Eb6_92D5_46C0_9211_A7Dd248Bef77Feature" name="EvergreenJnr_AdminPage_CheckThatProperErrorMessageDisplaysIfSecondOneTaskWasDeletedDuringTaskComponentCreation(iterator: &quot;2&quot;, scope: &quot;All Mailboxes&quot;, selfServiceName: &quot;ssName_22680_4&quot;, selfServiceShortName: &quot;22680_4&quot;, listType: &quot;Mailbox&quot;, componentNameOnDialog: &quot;Date Task&quot;, objectType: &quot;Mailbox&quot;, valueType: &quot;Date&quot;, exampleTags: [])" time="190.5132687">
      <system-out>Given User is logged in to the Evergreen

-&gt; done: EvergreenJnr_Login.GivenUserIsLoggedInToTheEvergreen() (0.5s)

Then Evergreen Dashboards page should be displayed to the user

-&gt; done: EvergreenJnr_Login.ThenEvergreenDashboardsPageShouldBeDisplayedToTheUser() (3.0s)

When Project created via API

  --- table step argument ---

  | ProjectName           | Scope         | ProjectTemplate | Mode               |

  | Project_DAS_22680_4_2 | All Mailboxes | None            | Standalone Project |

-
</system-out>
    </testcase>
    <testcase classname="DashworksTestAutomationCore.SpecFlowTests.EditSelfService_31E8Bf61_Bcd9_4692_9Cfd_7E1869F1C4D9Feature" name="EvergreenJnr_AdminPage_CheckThatUserCantUpdateSelfServiceWithoutName(selfServiceName: &quot;ssName_DAS_23089_4&quot;, selfServiceScope: &quot;DevStatList_DAS_23089_4&quot;, listPage: &quot;Users&quot;, selfServiceShortName: &quot;SN_23089_4&quot;, objectType: &quot;User&quot;, exampleTags: [])" time="86.5171469">
      <system-out>Given User is logged in to the Evergreen

-&gt; done: EvergreenJnr_Login.GivenUserIsLoggedInToTheEvergreen() (0.4s)

Then Evergreen Dashboards page should be displayed to the user

-&gt; done: EvergreenJnr_Login.ThenEvergreenDashboardsPageShouldBeDisplayedToTheUser() (3.1s)

When User create static list with 'DevStatList_DAS_23089_4' name and 'Everyone' read access type on 'Users' page with following items

  --- table step argument ---

  | ItemName |

  |          |

-&gt; done: EvergreenJnr_Lists.When
</system-out>
    </testcase>
    <testcase classname="DashworksTestAutomationCore.SpecFlowTests.GeneralEndUser3_F8Bbfc83_Cd75_487A_B398_2Ffa73F5682DFeature" name="EvergreenJnr_AdminPage_CheckThatProperErrorMessageDisplaysOnEndUserPageWhenThePublicUserListUsedForAOCChangedToPrivate" time="12.4500742">
      <failure message="TechTalk.SpecFlow.xUnit.SpecFlowPlugin.XUnitPendingStepException : Test pending: No matching step definition found for one or more steps.&#10;&#10;using System;&#10;&#10;using TechTalk.SpecFlow;&#10;&#10;&#10;&#10;namespace MyNamespace&#10;&#10;{&#10;&#10;    [Binding]&#10;&#10;    public class StepDefinitions&#10;&#10;    {&#10;&#10;        private readonly ScenarioContext _scenarioContext;&#10;&#10;&#10;&#10;        public StepDefinitions(ScenarioContext scenarioContext)&#10;&#10;        {&#10;&#10;            _scenarioContext = scenarioContext;&#10;&#10;        }&#10;&#10;        [When(@&quot;User create static list with '(.*)' name and '(.*)' access type on '(.*)' page with following items&quot;)]&#10;&#10;        public void WhenUserCreateStaticListWithNameAndAccessTypeOnPageWithFollowingItems(string p0, string p1, string users2, Table table)&#10;&#10;        {&#10;&#10;            _scenarioContext.Pending();&#10;&#10;        }&#10;&#10;        &#10;&#10;        [When(@&quot;User create static list with '(.*)' name and '(.*)' access type on '(.*)' page with following items&quot;)]&#10;&#10;        public void WhenUserCreateStaticListWithNameAndAccessTypeOnPageWithFollowingItems(string p0, string p1, string applications2, Table table)&#10;&#10;        {&#10;&#10;            _scenarioContext.Pending();&#10;&#10;        }&#10;&#10;    }&#10;&#10;}&#10;&#10;">   at TechTalk.SpecFlow.xUnit.SpecFlowPlugin.XUnitRuntimeProvider.TestPending(String message)

   at TechTalk.SpecFlow.ErrorHandling.ErrorProvider.ThrowPendingError(ScenarioExecutionStatus testStatus, String message)

   at TechTalk.SpecFlow.Infrastructure.TestExecutionEngine.OnAfterLastStep()

   at DashworksTestAutomationCore.SpecFlowTests.GeneralEndUser3_F8Bbfc83_Cd75_487A_B398_2Ffa73F5682DFeature.ScenarioCleanup()

   at DashworksTestAutomationCore.SpecFlowTests.GeneralEndUser3_F8Bbfc83_Cd75</failure>
      <system-out>Given User is logged in to the Evergreen

-&gt; done: EvergreenJnr_Login.GivenUserIsLoggedInToTheEvergreen() (0.4s)

Then Evergreen Dashboards page should be displayed to the user

-&gt; done: EvergreenJnr_Login.ThenEvergreenDashboardsPageShouldBeDisplayedToTheUser() (3.2s)

When User create static list with 'DAS_21503_UserPublicStatList_2' name and 'Everyone can see' access type on 'Users' page with following items

  --- table step argument ---

  | ItemName            |

  | 03C54BC1198843A4A03 |


</system-out>
    </testcase>
    <testcase classname="DashworksTestAutomationCore.SpecFlowTests.BaseUrl_A3F9821B_3Adb_4C55_A4F5_5Bb09F8Fea8DFeature" name="EvergreenJnr_AdminPage_CheckThatSelfServiceUrlGenerateCorretly" time="33.9327034">
      <system-out>Given User is logged in to the Evergreen

-&gt; done: EvergreenJnr_Login.GivenUserIsLoggedInToTheEvergreen() (0.4s)

Then Evergreen Dashboards page should be displayed to the user

-&gt; done: EvergreenJnr_Login.ThenEvergreenDashboardsPageShouldBeDisplayedToTheUser() (3.3s)

When User creates Self Service via API and open it

  --- table step argument ---

  | Name         | ServiceShortName | Enabled | AllowAnonymousUsers | ScopeName        | ObjectType  |

  | DAS_21053_SS | 21053_SI         | true 
</system-out>
    </testcase>
    <testcase classname="DashworksTestAutomationCore.SpecFlowTests.EditSelfService_137B2Bce_0469_407B_B4Fb_A6D319Eb1B00Feature" name="EvergreenJnr_AdminPage_CheckThatUserCantUpdateSelfServiceWithoutSelectedScope(selfServiceName: &quot;ssName_DAS_19082_3&quot;, selfServiceScope: &quot;AppStatList_DAS_19082_3&quot;, listPage: &quot;Applications&quot;, selfServiceShortName: &quot;SN_19082_3&quot;, selfServiceNameEdited: &quot;ssName_DAS_18214_3_Edited&quot;, selfServiceShortNameEdited: &quot;SE_19082_3&quot;, objectType: &quot;Application&quot;, exampleTags: [])" time="126.9763847">
      <system-out>Given User is logged in to the Evergreen

-&gt; done: EvergreenJnr_Login.GivenUserIsLoggedInToTheEvergreen() (0.3s)

Then Evergreen Dashboards page should be displayed to the user

-&gt; done: EvergreenJnr_Login.ThenEvergreenDashboardsPageShouldBeDisplayedToTheUser() (3.3s)

When User create static list with 'AppStatList_DAS_19082_3' name and 'Everyone' read access type on 'Applications' page with following items

  --- table step argument ---

  | ItemName |

  |          |

-&gt; done: EvergreenJnr_Lis
</system-out>
    </testcase>
    <testcase classname="DashworksTestAutomationCore.SpecFlowTests.SelfServiceNavigation_B7241D1D_A051_4942_991D_6518F2538953Feature" name="EvergreenJnr_AdminPage_SelfServices_CheckThatCorrectSubheaderIsDisplayedOnPageEditPage(iterator: &quot;1&quot;, objectType: &quot;Device&quot;, scope: &quot;All Devices&quot;, pageName: &quot;Welcome&quot;, exampleTags: [])" time="38.6679357">
      <system-out>Given User is logged in to the Evergreen

-&gt; done: EvergreenJnr_Login.GivenUserIsLoggedInToTheEvergreen() (0.7s)

When User creates Self Service via API and open it

  --- table step argument ---

  | Name          | ServiceShortName | Enabled | AllowAnonymousUsers | ScopeName   | ObjectType |

  | 1_28229DAS_SS | 28229SS1         | true    | true                | All Devices | Device     |

-&gt; done: CreateSelfService.WhenUserCreatesSelfServiceViaAPIAndOpenIt(&lt;table&gt;) (7.1s)

When User navigates
</system-out>
    </testcase>
    <testcase classname="DashworksTestAutomationCore.SpecFlowTests.AddDateTaskSelectTaskComponentViaSelfServiceBuilder_134Db8E2_B03D_48B2_8504_Eb50B465622FFeature" name="EvergreenJnr_AdminPage_CreateEditTaskComponentCreateAndCancelButtonsValidation(selfServiceName: &quot;ssName_DAS_22800_1&quot;, selfServiceShortName: &quot;SN_22800_1&quot;, listType: &quot;Device&quot;, listName: &quot;DAS_22800_ssStaticDevList&quot;, componentNameOnDialog: &quot;Date Task&quot;, subheaderOnCreatePage: &quot;Create Device Date Task Component&quot;, exampleTags: [])" time="197.3685722">
      <system-out>Given User is logged in to the Evergreen

-&gt; done: EvergreenJnr_Login.GivenUserIsLoggedInToTheEvergreen() (0.4s)

Then Evergreen Dashboards page should be displayed to the user

-&gt; done: EvergreenJnr_Login.ThenEvergreenDashboardsPageShouldBeDisplayedToTheUser() (3.1s)

When User creates dynamic list with 'DAS_22800_ssStaticDevList' name and 'Everyone' read access type on 'Devices' page

-&gt; done: EvergreenJnr_Lists.WhenUserCreatesDynamicListWithNameAndReadAccessTypeOnPage("DAS_22800_ssStati...", 
</system-out>
    </testcase>
  </testsuite>
</testsuites>
